[0.900s] Invoking command in '/home/forgers/ros2_ws/src/ROBO-DECK/build/web_interface_node': DEBUGINFOD_URLS=https://debuginfod.ubuntu.com /usr/bin/cmake --build /home/forgers/ros2_ws/src/ROBO-DECK/build/web_interface_node -- -j4 -l4
[1.107s] Invoked command in '/home/forgers/ros2_ws/src/ROBO-DECK/build/web_interface_node' returned '0': DEBUGINFOD_URLS=https://debuginfod.ubuntu.com /usr/bin/cmake --build /home/forgers/ros2_ws/src/ROBO-DECK/build/web_interface_node -- -j4 -l4
[1.157s] Invoking command in '/home/forgers/ros2_ws/src/ROBO-DECK/build/web_interface_node': DEBUGINFOD_URLS=https://debuginfod.ubuntu.com /usr/bin/cmake --install /home/forgers/ros2_ws/src/ROBO-DECK/build/web_interface_node
[1.197s] -- Install configuration: ""
[1.198s] -- Up-to-date: /home/forgers/ros2_ws/src/ROBO-DECK/install/web_interface_node/lib/web_interface_node/web_interface_node
[1.199s] -- Installing: /home/forgers/ros2_ws/src/ROBO-DECK/install/web_interface_node/lib/web_interface_node/web_interface_node/log
[1.200s] -- Installing: /home/forgers/ros2_ws/src/ROBO-DECK/install/web_interface_node/lib/web_interface_node/web_interface_node/log/build_2025-05-31_12-08-48
[1.201s] -- Installing: /home/forgers/ros2_ws/src/ROBO-DECK/install/web_interface_node/lib/web_interface_node/web_interface_node/log/build_2025-05-31_12-08-48/logger_all.log
[1.202s] -- Installing: /home/forgers/ros2_ws/src/ROBO-DECK/install/web_interface_node/lib/web_interface_node/web_interface_node/log/build_2025-05-31_12-08-48/events.log
[1.203s] -- Installing: /home/forgers/ros2_ws/src/ROBO-DECK/install/web_interface_node/lib/web_interface_node/web_interface_node/log/COLCON_IGNORE
[1.204s] -- Installing: /home/forgers/ros2_ws/src/ROBO-DECK/install/web_interface_node/lib/web_interface_node/web_interface_node/log/latest
[1.205s] -- Installing: /home/forgers/ros2_ws/src/ROBO-DECK/install/web_interface_node/lib/web_interface_node/web_interface_node/log/latest_build
[1.206s] -- Installing: /home/forgers/ros2_ws/src/ROBO-DECK/install/web_interface_node/lib/web_interface_node/web_interface_node/install
[1.206s] -- Installing: /home/forgers/ros2_ws/src/ROBO-DECK/install/web_interface_node/lib/web_interface_node/web_interface_node/install/setup.sh
[1.208s] -- Installing: /home/forgers/ros2_ws/src/ROBO-DECK/install/web_interface_node/lib/web_interface_node/web_interface_node/install/local_setup.bash
[1.209s] -- Installing: /home/forgers/ros2_ws/src/ROBO-DECK/install/web_interface_node/lib/web_interface_node/web_interface_node/install/COLCON_IGNORE
[1.210s] -- Installing: /home/forgers/ros2_ws/src/ROBO-DECK/install/web_interface_node/lib/web_interface_node/web_interface_node/install/setup.ps1
[1.211s] -- Installing: /home/forgers/ros2_ws/src/ROBO-DECK/install/web_interface_node/lib/web_interface_node/web_interface_node/install/.colcon_install_layout
[1.212s] -- Installing: /home/forgers/ros2_ws/src/ROBO-DECK/install/web_interface_node/lib/web_interface_node/web_interface_node/install/_local_setup_util_sh.py
[1.214s] -- Installing: /home/forgers/ros2_ws/src/ROBO-DECK/install/web_interface_node/lib/web_interface_node/web_interface_node/install/local_setup.sh
[1.215s] -- Installing: /home/forgers/ros2_ws/src/ROBO-DECK/install/web_interface_node/lib/web_interface_node/web_interface_node/install/setup.bash
[1.216s] -- Installing: /home/forgers/ros2_ws/src/ROBO-DECK/install/web_interface_node/lib/web_interface_node/web_interface_node/install/setup.zsh
[1.218s] -- Installing: /home/forgers/ros2_ws/src/ROBO-DECK/install/web_interface_node/lib/web_interface_node/web_interface_node/install/_local_setup_util_ps1.py
[1.219s] -- Installing: /home/forgers/ros2_ws/src/ROBO-DECK/install/web_interface_node/lib/web_interface_node/web_interface_node/install/local_setup.zsh
[1.220s] -- Installing: /home/forgers/ros2_ws/src/ROBO-DECK/install/web_interface_node/lib/web_interface_node/web_interface_node/install/local_setup.ps1
[1.222s] -- Up-to-date: /home/forgers/ros2_ws/src/ROBO-DECK/install/web_interface_node/lib/web_interface_node/web_interface_node/web_sever.py
[1.223s] -- Up-to-date: /home/forgers/ros2_ws/src/ROBO-DECK/install/web_interface_node/lib/web_interface_node/web_interface_node/__init__.py
[1.223s] -- Installing: /home/forgers/ros2_ws/src/ROBO-DECK/install/web_interface_node/lib/web_interface_node/web_interface_node/build
[1.224s] -- Installing: /home/forgers/ros2_ws/src/ROBO-DECK/install/web_interface_node/lib/web_interface_node/web_interface_node/build/COLCON_IGNORE
[1.225s] -- Installing: /home/forgers/ros2_ws/src/ROBO-DECK/install/web_interface_node/lib/web_interface_node/web_interface_node/build/.built_by
[1.226s] -- Up-to-date: /home/forgers/ros2_ws/src/ROBO-DECK/install/web_interface_node/share/web_interface_node/web
[1.227s] -- Up-to-date: /home/forgers/ros2_ws/src/ROBO-DECK/install/web_interface_node/share/web_interface_node/web/index.html
[1.228s] [31mCMake Error at cmake_install.cmake:54 (file):
[1.229s]   file INSTALL cannot find
[1.229s]   "/home/forgers/ros2_ws/src/ROBO-DECK/src/web_interface_node/web_interface_node/web_server.py":
[1.230s]   No such file or directory.
[1.230s] 
[1.231s] [0m
[1.234s] Invoked command in '/home/forgers/ros2_ws/src/ROBO-DECK/build/web_interface_node' returned '1': DEBUGINFOD_URLS=https://debuginfod.ubuntu.com /usr/bin/cmake --install /home/forgers/ros2_ws/src/ROBO-DECK/build/web_interface_node
