[0.412s] DEBUG:colcon:Command line arguments: ['/usr/bin/colcon', 'build', '--symlink-install']
[0.413s] DEBUG:colcon:Parsed command line arguments: Namespace(log_base=None, log_level=None, verb_name='build', build_base='build', install_base='install', merge_install=False, symlink_install=True, test_result_base=None, continue_on_error=False, executor='parallel', parallel_workers=4, event_handlers=None, ignore_user_meta=False, metas=['./colcon.meta'], base_paths=['.'], packages_ignore=None, packages_ignore_regex=None, paths=None, packages_up_to=None, packages_up_to_regex=None, packages_above=None, packages_above_and_dependencies=None, packages_above_depth=None, packages_select_by_dep=None, packages_skip_by_dep=None, packages_skip_up_to=None, packages_select_build_failed=False, packages_skip_build_finished=False, packages_select_test_failures=False, packages_skip_test_passed=False, packages_select=None, packages_skip=None, packages_select_regex=None, packages_skip_regex=None, packages_start=None, packages_end=None, allow_overriding=[], cmake_args=None, cmake_target=None, cmake_target_skip_unavailable=False, cmake_clean_cache=False, cmake_clean_first=False, cmake_force_configure=False, ament_cmake_args=None, catkin_cmake_args=None, catkin_skip_building_tests=False, verb_parser=<colcon_defaults.argument_parser.defaults.DefaultArgumentsDecorator object at 0xffffae01f4a0>, verb_extension=<colcon_core.verb.build.BuildVerb object at 0xffffaf0edeb0>, main=<bound method BuildVerb.main of <colcon_core.verb.build.BuildVerb object at 0xffffaf0edeb0>>)
[0.580s] Level 1:colcon.colcon_core.package_discovery:discover_packages(colcon_meta) check parameters
[0.580s] Level 1:colcon.colcon_core.package_discovery:discover_packages(recursive) check parameters
[0.581s] Level 1:colcon.colcon_core.package_discovery:discover_packages(ignore) check parameters
[0.581s] Level 1:colcon.colcon_core.package_discovery:discover_packages(path) check parameters
[0.581s] Level 1:colcon.colcon_core.package_discovery:discover_packages(colcon_meta) discover
[0.581s] Level 1:colcon.colcon_core.package_discovery:discover_packages(recursive) discover
[0.581s] INFO:colcon.colcon_core.package_discovery:Crawling recursively for packages in '/home/forgers/ros2_ws/src/ROBO-DECK'
[0.582s] Level 1:colcon.colcon_core.package_identification:_identify(.) by extensions ['ignore', 'ignore_ament_install']
[0.582s] Level 1:colcon.colcon_core.package_identification:_identify(.) by extension 'ignore'
[0.582s] Level 1:colcon.colcon_core.package_identification:_identify(.) by extension 'ignore_ament_install'
[0.582s] Level 1:colcon.colcon_core.package_identification:_identify(.) by extensions ['colcon_pkg']
[0.583s] Level 1:colcon.colcon_core.package_identification:_identify(.) by extension 'colcon_pkg'
[0.583s] Level 1:colcon.colcon_core.package_identification:_identify(.) by extensions ['colcon_meta']
[0.583s] Level 1:colcon.colcon_core.package_identification:_identify(.) by extension 'colcon_meta'
[0.583s] Level 1:colcon.colcon_core.package_identification:_identify(.) by extensions ['ros']
[0.583s] Level 1:colcon.colcon_core.package_identification:_identify(.) by extension 'ros'
[0.684s] Level 1:colcon.colcon_core.package_identification:_identify(.) by extensions ['cmake', 'python']
[0.684s] Level 1:colcon.colcon_core.package_identification:_identify(.) by extension 'cmake'
[0.684s] Level 1:colcon.colcon_core.package_identification:_identify(.) by extension 'python'
[0.684s] Level 1:colcon.colcon_core.package_identification:_identify(.) by extensions ['python_setup_py']
[0.684s] Level 1:colcon.colcon_core.package_identification:_identify(.) by extension 'python_setup_py'
[0.685s] Level 1:colcon.colcon_core.package_identification:_identify(build) by extensions ['ignore', 'ignore_ament_install']
[0.685s] Level 1:colcon.colcon_core.package_identification:_identify(build) by extension 'ignore'
[0.685s] Level 1:colcon.colcon_core.package_identification:_identify(build) ignored
[0.686s] Level 1:colcon.colcon_core.package_identification:_identify(install) by extensions ['ignore', 'ignore_ament_install']
[0.686s] Level 1:colcon.colcon_core.package_identification:_identify(install) by extension 'ignore'
[0.687s] Level 1:colcon.colcon_core.package_identification:_identify(install) ignored
[0.687s] Level 1:colcon.colcon_core.package_identification:_identify(log) by extensions ['ignore', 'ignore_ament_install']
[0.687s] Level 1:colcon.colcon_core.package_identification:_identify(log) by extension 'ignore'
[0.687s] Level 1:colcon.colcon_core.package_identification:_identify(log) ignored
[0.688s] Level 1:colcon.colcon_core.package_identification:_identify(src) by extensions ['ignore', 'ignore_ament_install']
[0.688s] Level 1:colcon.colcon_core.package_identification:_identify(src) by extension 'ignore'
[0.688s] Level 1:colcon.colcon_core.package_identification:_identify(src) by extension 'ignore_ament_install'
[0.688s] Level 1:colcon.colcon_core.package_identification:_identify(src) by extensions ['colcon_pkg']
[0.688s] Level 1:colcon.colcon_core.package_identification:_identify(src) by extension 'colcon_pkg'
[0.689s] Level 1:colcon.colcon_core.package_identification:_identify(src) by extensions ['colcon_meta']
[0.689s] Level 1:colcon.colcon_core.package_identification:_identify(src) by extension 'colcon_meta'
[0.689s] Level 1:colcon.colcon_core.package_identification:_identify(src) by extensions ['ros']
[0.689s] Level 1:colcon.colcon_core.package_identification:_identify(src) by extension 'ros'
[0.689s] Level 1:colcon.colcon_core.package_identification:_identify(src) by extensions ['cmake', 'python']
[0.689s] Level 1:colcon.colcon_core.package_identification:_identify(src) by extension 'cmake'
[0.690s] Level 1:colcon.colcon_core.package_identification:_identify(src) by extension 'python'
[0.690s] Level 1:colcon.colcon_core.package_identification:_identify(src) by extensions ['python_setup_py']
[0.690s] Level 1:colcon.colcon_core.package_identification:_identify(src) by extension 'python_setup_py'
[0.690s] Level 1:colcon.colcon_core.package_identification:_identify(src/camera_node) by extensions ['ignore', 'ignore_ament_install']
[0.691s] Level 1:colcon.colcon_core.package_identification:_identify(src/camera_node) by extension 'ignore'
[0.691s] Level 1:colcon.colcon_core.package_identification:_identify(src/camera_node) ignored
[0.691s] Level 1:colcon.colcon_core.package_identification:_identify(src/esp32_bridge) by extensions ['ignore', 'ignore_ament_install']
[0.691s] Level 1:colcon.colcon_core.package_identification:_identify(src/esp32_bridge) by extension 'ignore'
[0.691s] Level 1:colcon.colcon_core.package_identification:_identify(src/esp32_bridge) ignored
[0.692s] Level 1:colcon.colcon_core.package_identification:_identify(src/esp32_uart_bridge_node) by extensions ['ignore', 'ignore_ament_install']
[0.692s] Level 1:colcon.colcon_core.package_identification:_identify(src/esp32_uart_bridge_node) by extension 'ignore'
[0.692s] Level 1:colcon.colcon_core.package_identification:_identify(src/esp32_uart_bridge_node) by extension 'ignore_ament_install'
[0.692s] Level 1:colcon.colcon_core.package_identification:_identify(src/esp32_uart_bridge_node) by extensions ['colcon_pkg']
[0.693s] Level 1:colcon.colcon_core.package_identification:_identify(src/esp32_uart_bridge_node) by extension 'colcon_pkg'
[0.693s] Level 1:colcon.colcon_core.package_identification:_identify(src/esp32_uart_bridge_node) by extensions ['colcon_meta']
[0.693s] Level 1:colcon.colcon_core.package_identification:_identify(src/esp32_uart_bridge_node) by extension 'colcon_meta'
[0.693s] Level 1:colcon.colcon_core.package_identification:_identify(src/esp32_uart_bridge_node) by extensions ['ros']
[0.693s] Level 1:colcon.colcon_core.package_identification:_identify(src/esp32_uart_bridge_node) by extension 'ros'
[0.706s] DEBUG:colcon.colcon_core.package_identification:Package 'src/esp32_uart_bridge_node' with type 'ros.ament_python' and name 'esp32_uart_bridge_node'
[0.706s] Level 1:colcon.colcon_core.package_identification:_identify(src/sensor_node) by extensions ['ignore', 'ignore_ament_install']
[0.707s] Level 1:colcon.colcon_core.package_identification:_identify(src/sensor_node) by extension 'ignore'
[0.707s] Level 1:colcon.colcon_core.package_identification:_identify(src/sensor_node) ignored
[0.707s] Level 1:colcon.colcon_core.package_identification:_identify(src/web_interface_node) by extensions ['ignore', 'ignore_ament_install']
[0.708s] Level 1:colcon.colcon_core.package_identification:_identify(src/web_interface_node) by extension 'ignore'
[0.708s] Level 1:colcon.colcon_core.package_identification:_identify(src/web_interface_node) by extension 'ignore_ament_install'
[0.708s] Level 1:colcon.colcon_core.package_identification:_identify(src/web_interface_node) by extensions ['colcon_pkg']
[0.708s] Level 1:colcon.colcon_core.package_identification:_identify(src/web_interface_node) by extension 'colcon_pkg'
[0.708s] Level 1:colcon.colcon_core.package_identification:_identify(src/web_interface_node) by extensions ['colcon_meta']
[0.708s] Level 1:colcon.colcon_core.package_identification:_identify(src/web_interface_node) by extension 'colcon_meta'
[0.709s] Level 1:colcon.colcon_core.package_identification:_identify(src/web_interface_node) by extensions ['ros']
[0.709s] Level 1:colcon.colcon_core.package_identification:_identify(src/web_interface_node) by extension 'ros'
[0.710s] DEBUG:colcon.colcon_core.package_identification:Package 'src/web_interface_node' with type 'ros.catkin' and name 'web_interface_node'
[0.710s] Level 1:colcon.colcon_core.package_discovery:discover_packages(recursive) using defaults
[0.711s] Level 1:colcon.colcon_core.package_discovery:discover_packages(ignore) discover
[0.711s] Level 1:colcon.colcon_core.package_discovery:discover_packages(ignore) using defaults
[0.711s] Level 1:colcon.colcon_core.package_discovery:discover_packages(path) discover
[0.711s] Level 1:colcon.colcon_core.package_discovery:discover_packages(path) using defaults
[0.778s] Level 1:colcon.colcon_core.package_discovery:discover_packages(prefix_path) check parameters
[0.778s] Level 1:colcon.colcon_core.package_discovery:discover_packages(prefix_path) discover
[0.785s] DEBUG:colcon.colcon_installed_package_information.package_discovery:Found 3 installed packages in /home/forgers/ros2_ws/src/ROBO-DECK/install
[0.788s] DEBUG:colcon.colcon_installed_package_information.package_discovery:Found 3 installed packages in /home/forgers/ros2_ws/install
[0.797s] DEBUG:colcon.colcon_installed_package_information.package_discovery:Found 205 installed packages in /opt/ros/jazzy
[0.799s] Level 1:colcon.colcon_core.package_discovery:discover_packages(prefix_path) using defaults
[0.933s] Level 5:colcon.colcon_core.verb:set package 'esp32_uart_bridge_node' build argument 'cmake_args' from command line to 'None'
[0.933s] Level 5:colcon.colcon_core.verb:set package 'esp32_uart_bridge_node' build argument 'cmake_target' from command line to 'None'
[0.933s] Level 5:colcon.colcon_core.verb:set package 'esp32_uart_bridge_node' build argument 'cmake_target_skip_unavailable' from command line to 'False'
[0.933s] Level 5:colcon.colcon_core.verb:set package 'esp32_uart_bridge_node' build argument 'cmake_clean_cache' from command line to 'False'
[0.933s] Level 5:colcon.colcon_core.verb:set package 'esp32_uart_bridge_node' build argument 'cmake_clean_first' from command line to 'False'
[0.934s] Level 5:colcon.colcon_core.verb:set package 'esp32_uart_bridge_node' build argument 'cmake_force_configure' from command line to 'False'
[0.934s] Level 5:colcon.colcon_core.verb:set package 'esp32_uart_bridge_node' build argument 'ament_cmake_args' from command line to 'None'
[0.934s] Level 5:colcon.colcon_core.verb:set package 'esp32_uart_bridge_node' build argument 'catkin_cmake_args' from command line to 'None'
[0.934s] Level 5:colcon.colcon_core.verb:set package 'esp32_uart_bridge_node' build argument 'catkin_skip_building_tests' from command line to 'False'
[0.934s] DEBUG:colcon.colcon_core.verb:Building package 'esp32_uart_bridge_node' with the following arguments: {'ament_cmake_args': None, 'build_base': '/home/forgers/ros2_ws/src/ROBO-DECK/build/esp32_uart_bridge_node', 'catkin_cmake_args': None, 'catkin_skip_building_tests': False, 'cmake_args': None, 'cmake_clean_cache': False, 'cmake_clean_first': False, 'cmake_force_configure': False, 'cmake_target': None, 'cmake_target_skip_unavailable': False, 'install_base': '/home/forgers/ros2_ws/src/ROBO-DECK/install/esp32_uart_bridge_node', 'merge_install': False, 'path': '/home/forgers/ros2_ws/src/ROBO-DECK/src/esp32_uart_bridge_node', 'symlink_install': True, 'test_result_base': None}
[0.935s] Level 5:colcon.colcon_core.verb:set package 'web_interface_node' build argument 'cmake_args' from command line to 'None'
[0.935s] Level 5:colcon.colcon_core.verb:set package 'web_interface_node' build argument 'cmake_target' from command line to 'None'
[0.935s] Level 5:colcon.colcon_core.verb:set package 'web_interface_node' build argument 'cmake_target_skip_unavailable' from command line to 'False'
[0.935s] Level 5:colcon.colcon_core.verb:set package 'web_interface_node' build argument 'cmake_clean_cache' from command line to 'False'
[0.936s] Level 5:colcon.colcon_core.verb:set package 'web_interface_node' build argument 'cmake_clean_first' from command line to 'False'
[0.936s] Level 5:colcon.colcon_core.verb:set package 'web_interface_node' build argument 'cmake_force_configure' from command line to 'False'
[0.936s] Level 5:colcon.colcon_core.verb:set package 'web_interface_node' build argument 'ament_cmake_args' from command line to 'None'
[0.936s] Level 5:colcon.colcon_core.verb:set package 'web_interface_node' build argument 'catkin_cmake_args' from command line to 'None'
[0.936s] Level 5:colcon.colcon_core.verb:set package 'web_interface_node' build argument 'catkin_skip_building_tests' from command line to 'False'
[0.936s] DEBUG:colcon.colcon_core.verb:Building package 'web_interface_node' with the following arguments: {'ament_cmake_args': None, 'build_base': '/home/forgers/ros2_ws/src/ROBO-DECK/build/web_interface_node', 'catkin_cmake_args': None, 'catkin_skip_building_tests': False, 'cmake_args': None, 'cmake_clean_cache': False, 'cmake_clean_first': False, 'cmake_force_configure': False, 'cmake_target': None, 'cmake_target_skip_unavailable': False, 'install_base': '/home/forgers/ros2_ws/src/ROBO-DECK/install/web_interface_node', 'merge_install': False, 'path': '/home/forgers/ros2_ws/src/ROBO-DECK/src/web_interface_node', 'symlink_install': True, 'test_result_base': None}
[0.936s] INFO:colcon.colcon_core.executor:Executing jobs using 'parallel' executor
[0.939s] DEBUG:colcon.colcon_parallel_executor.executor.parallel:run_until_complete
[0.940s] INFO:colcon.colcon_ros.task.ament_python.build:Building ROS package in '/home/forgers/ros2_ws/src/ROBO-DECK/src/esp32_uart_bridge_node' with build type 'ament_python'
[0.941s] Level 1:colcon.colcon_core.shell:create_environment_hook('esp32_uart_bridge_node', 'ament_prefix_path')
[0.948s] INFO:colcon.colcon_core.plugin_system:Skipping extension 'colcon_core.shell.bat': Not used on non-Windows systems
[0.949s] INFO:colcon.colcon_core.shell:Creating environment hook '/home/forgers/ros2_ws/src/ROBO-DECK/install/esp32_uart_bridge_node/share/esp32_uart_bridge_node/hook/ament_prefix_path.ps1'
[0.952s] INFO:colcon.colcon_core.shell:Creating environment descriptor '/home/forgers/ros2_ws/src/ROBO-DECK/install/esp32_uart_bridge_node/share/esp32_uart_bridge_node/hook/ament_prefix_path.dsv'
[0.954s] INFO:colcon.colcon_core.shell:Creating environment hook '/home/forgers/ros2_ws/src/ROBO-DECK/install/esp32_uart_bridge_node/share/esp32_uart_bridge_node/hook/ament_prefix_path.sh'
[0.956s] INFO:colcon.colcon_core.shell:Skip shell extension 'powershell' for command environment: Not usable outside of PowerShell
[0.957s] DEBUG:colcon.colcon_core.shell:Skip shell extension 'dsv' for command environment
[0.974s] INFO:colcon.colcon_ros.task.catkin.build:Building ROS package in '/home/forgers/ros2_ws/src/ROBO-DECK/src/web_interface_node' with build type 'catkin'
[0.974s] INFO:colcon.colcon_cmake.task.cmake.build:Building CMake package in '/home/forgers/ros2_ws/src/ROBO-DECK/src/web_interface_node'
[0.975s] INFO:colcon.colcon_core.shell:Skip shell extension 'powershell' for command environment: Not usable outside of PowerShell
[0.976s] DEBUG:colcon.colcon_core.shell:Skip shell extension 'dsv' for command environment
[1.835s] INFO:colcon.colcon_core.task.python.build:Building Python package in '/home/forgers/ros2_ws/src/ROBO-DECK/src/esp32_uart_bridge_node'
[1.836s] INFO:colcon.colcon_core.shell:Skip shell extension 'powershell' for command environment: Not usable outside of PowerShell
[1.836s] DEBUG:colcon.colcon_core.shell:Skip shell extension 'dsv' for command environment
[1.871s] DEBUG:colcon.colcon_core.event_handler.log_command:Invoking command in '/home/forgers/ros2_ws/src/ROBO-DECK/build/web_interface_node': DEBUGINFOD_URLS=https://debuginfod.ubuntu.com /usr/bin/cmake --build /home/forgers/ros2_ws/src/ROBO-DECK/build/web_interface_node -- -j4 -l4
[2.067s] DEBUG:colcon.colcon_core.event_handler.log_command:Invoked command in '/home/forgers/ros2_ws/src/ROBO-DECK/build/web_interface_node' returned '0': DEBUGINFOD_URLS=https://debuginfod.ubuntu.com /usr/bin/cmake --build /home/forgers/ros2_ws/src/ROBO-DECK/build/web_interface_node -- -j4 -l4
[2.117s] DEBUG:colcon.colcon_core.event_handler.log_command:Invoking command in '/home/forgers/ros2_ws/src/ROBO-DECK/build/web_interface_node': DEBUGINFOD_URLS=https://debuginfod.ubuntu.com /usr/bin/cmake --install /home/forgers/ros2_ws/src/ROBO-DECK/build/web_interface_node
[2.168s] DEBUG:colcon.colcon_core.event_handler.log_command:Invoked command in '/home/forgers/ros2_ws/src/ROBO-DECK/build/web_interface_node' returned '1': DEBUGINFOD_URLS=https://debuginfod.ubuntu.com /usr/bin/cmake --install /home/forgers/ros2_ws/src/ROBO-DECK/build/web_interface_node
[2.169s] Level 1:colcon.colcon_core.shell:create_environment_hook('web_interface_node', 'ros_package_path')
[2.169s] INFO:colcon.colcon_core.shell:Creating environment hook '/home/forgers/ros2_ws/src/ROBO-DECK/install/web_interface_node/share/web_interface_node/hook/ros_package_path.ps1'
[2.171s] INFO:colcon.colcon_core.shell:Creating environment descriptor '/home/forgers/ros2_ws/src/ROBO-DECK/install/web_interface_node/share/web_interface_node/hook/ros_package_path.dsv'
[2.173s] INFO:colcon.colcon_core.shell:Creating environment hook '/home/forgers/ros2_ws/src/ROBO-DECK/install/web_interface_node/share/web_interface_node/hook/ros_package_path.sh'
[2.176s] Level 1:colcon.colcon_core.shell:create_environment_hook('web_interface_node', 'pkg_config_path')
[2.176s] INFO:colcon.colcon_core.shell:Creating environment hook '/home/forgers/ros2_ws/src/ROBO-DECK/install/web_interface_node/share/web_interface_node/hook/pkg_config_path.ps1'
[2.178s] INFO:colcon.colcon_core.shell:Creating environment descriptor '/home/forgers/ros2_ws/src/ROBO-DECK/install/web_interface_node/share/web_interface_node/hook/pkg_config_path.dsv'
[2.180s] INFO:colcon.colcon_core.shell:Creating environment hook '/home/forgers/ros2_ws/src/ROBO-DECK/install/web_interface_node/share/web_interface_node/hook/pkg_config_path.sh'
[2.188s] Level 1:colcon.colcon_core.shell:create_environment_hook('web_interface_node', 'pkg_config_path_multiarch')
[2.189s] INFO:colcon.colcon_core.shell:Creating environment hook '/home/forgers/ros2_ws/src/ROBO-DECK/install/web_interface_node/share/web_interface_node/hook/pkg_config_path_multiarch.ps1'
[2.191s] INFO:colcon.colcon_core.shell:Creating environment descriptor '/home/forgers/ros2_ws/src/ROBO-DECK/install/web_interface_node/share/web_interface_node/hook/pkg_config_path_multiarch.dsv'
[2.193s] INFO:colcon.colcon_core.shell:Creating environment hook '/home/forgers/ros2_ws/src/ROBO-DECK/install/web_interface_node/share/web_interface_node/hook/pkg_config_path_multiarch.sh'
[2.197s] Level 1:colcon.colcon_core.environment:create_environment_scripts_only(web_interface_node)
[2.207s] Level 1:colcon.colcon_core.environment:checking '/home/forgers/ros2_ws/src/ROBO-DECK/install/web_interface_node' for CMake module files
[2.210s] Level 1:colcon.colcon_core.environment:checking '/home/forgers/ros2_ws/src/ROBO-DECK/install/web_interface_node' for CMake config files
[2.212s] Level 1:colcon.colcon_core.environment:checking '/home/forgers/ros2_ws/src/ROBO-DECK/install/web_interface_node/lib'
[2.213s] Level 1:colcon.colcon_core.environment:checking '/home/forgers/ros2_ws/src/ROBO-DECK/install/web_interface_node/bin'
[2.213s] Level 1:colcon.colcon_core.environment:checking '/home/forgers/ros2_ws/src/ROBO-DECK/install/web_interface_node/lib/pkgconfig/web_interface_node.pc'
[2.214s] Level 1:colcon.colcon_core.environment:checking '/home/forgers/ros2_ws/src/ROBO-DECK/install/web_interface_node/lib/python3.12/site-packages'
[2.215s] Level 1:colcon.colcon_core.environment:checking '/home/forgers/ros2_ws/src/ROBO-DECK/install/web_interface_node/bin'
[2.216s] INFO:colcon.colcon_core.shell:Creating package script '/home/forgers/ros2_ws/src/ROBO-DECK/install/web_interface_node/share/web_interface_node/package.ps1'
[2.222s] INFO:colcon.colcon_core.shell:Creating package descriptor '/home/forgers/ros2_ws/src/ROBO-DECK/install/web_interface_node/share/web_interface_node/package.dsv'
[2.224s] INFO:colcon.colcon_core.shell:Creating package script '/home/forgers/ros2_ws/src/ROBO-DECK/install/web_interface_node/share/web_interface_node/package.sh'
[2.227s] INFO:colcon.colcon_core.shell:Creating package script '/home/forgers/ros2_ws/src/ROBO-DECK/install/web_interface_node/share/web_interface_node/package.bash'
[2.230s] INFO:colcon.colcon_core.shell:Creating package script '/home/forgers/ros2_ws/src/ROBO-DECK/install/web_interface_node/share/web_interface_node/package.zsh'
[2.232s] Level 1:colcon.colcon_core.environment:create_file_with_runtime_dependencies(/home/forgers/ros2_ws/src/ROBO-DECK/install/web_interface_node/share/colcon-core/packages/web_interface_node)
[4.141s] DEBUG:colcon.colcon_parallel_executor.executor.parallel:closing loop
[4.142s] DEBUG:colcon.colcon_parallel_executor.executor.parallel:loop closed
[4.142s] DEBUG:colcon.colcon_parallel_executor.executor.parallel:run_until_complete finished with '1'
[4.142s] DEBUG:colcon.colcon_core.event_reactor:joining thread
[4.168s] INFO:colcon.colcon_core.plugin_system:Skipping extension 'colcon_notification.desktop_notification.terminal_notifier': Not used on non-Darwin systems
[4.168s] INFO:colcon.colcon_core.plugin_system:Skipping extension 'colcon_notification.desktop_notification.win32': Not used on non-Windows systems
[4.168s] INFO:colcon.colcon_notification.desktop_notification:Sending desktop notification using 'notify2'
[4.222s] DEBUG:colcon.colcon_core.event_reactor:joined thread
[4.223s] INFO:colcon.colcon_core.shell:Creating prefix script '/home/forgers/ros2_ws/src/ROBO-DECK/install/local_setup.ps1'
[4.227s] INFO:colcon.colcon_core.shell:Creating prefix util module '/home/forgers/ros2_ws/src/ROBO-DECK/install/_local_setup_util_ps1.py'
[4.232s] INFO:colcon.colcon_core.shell:Creating prefix chain script '/home/forgers/ros2_ws/src/ROBO-DECK/install/setup.ps1'
[4.236s] INFO:colcon.colcon_core.shell:Creating prefix script '/home/forgers/ros2_ws/src/ROBO-DECK/install/local_setup.sh'
[4.240s] INFO:colcon.colcon_core.shell:Creating prefix util module '/home/forgers/ros2_ws/src/ROBO-DECK/install/_local_setup_util_sh.py'
[4.244s] INFO:colcon.colcon_core.shell:Creating prefix chain script '/home/forgers/ros2_ws/src/ROBO-DECK/install/setup.sh'
[4.249s] INFO:colcon.colcon_core.shell:Creating prefix script '/home/forgers/ros2_ws/src/ROBO-DECK/install/local_setup.bash'
[4.251s] INFO:colcon.colcon_core.shell:Creating prefix chain script '/home/forgers/ros2_ws/src/ROBO-DECK/install/setup.bash'
[4.255s] INFO:colcon.colcon_core.shell:Creating prefix script '/home/forgers/ros2_ws/src/ROBO-DECK/install/local_setup.zsh'
[4.257s] INFO:colcon.colcon_core.shell:Creating prefix chain script '/home/forgers/ros2_ws/src/ROBO-DECK/install/setup.zsh'
