[0.413s] DEBUG:colcon:Command line arguments: ['/usr/bin/colcon', 'build', '--symlink-install']
[0.414s] DEBUG:colcon:Parsed command line arguments: Namespace(log_base=None, log_level=None, verb_name='build', build_base='build', install_base='install', merge_install=False, symlink_install=True, test_result_base=None, continue_on_error=False, executor='parallel', parallel_workers=4, event_handlers=None, ignore_user_meta=False, metas=['./colcon.meta'], base_paths=['.'], packages_ignore=None, packages_ignore_regex=None, paths=None, packages_up_to=None, packages_up_to_regex=None, packages_above=None, packages_above_and_dependencies=None, packages_above_depth=None, packages_select_by_dep=None, packages_skip_by_dep=None, packages_skip_up_to=None, packages_select_build_failed=False, packages_skip_build_finished=False, packages_select_test_failures=False, packages_skip_test_passed=False, packages_select=None, packages_skip=None, packages_select_regex=None, packages_skip_regex=None, packages_start=None, packages_end=None, allow_overriding=[], cmake_args=None, cmake_target=None, cmake_target_skip_unavailable=False, cmake_clean_cache=False, cmake_clean_first=False, cmake_force_configure=False, ament_cmake_args=None, catkin_cmake_args=None, catkin_skip_building_tests=False, verb_parser=<colcon_defaults.argument_parser.defaults.DefaultArgumentsDecorator object at 0xffff9dda3440>, verb_extension=<colcon_core.verb.build.BuildVerb object at 0xffff9eaf5ee0>, main=<bound method BuildVerb.main of <colcon_core.verb.build.BuildVerb object at 0xffff9eaf5ee0>>)
[0.582s] Level 1:colcon.colcon_core.package_discovery:discover_packages(colcon_meta) check parameters
[0.582s] Level 1:colcon.colcon_core.package_discovery:discover_packages(recursive) check parameters
[0.582s] Level 1:colcon.colcon_core.package_discovery:discover_packages(ignore) check parameters
[0.582s] Level 1:colcon.colcon_core.package_discovery:discover_packages(path) check parameters
[0.583s] Level 1:colcon.colcon_core.package_discovery:discover_packages(colcon_meta) discover
[0.583s] Level 1:colcon.colcon_core.package_discovery:discover_packages(recursive) discover
[0.583s] INFO:colcon.colcon_core.package_discovery:Crawling recursively for packages in '/home/forgers/ros2_ws/src/web_interface_node'
[0.583s] Level 1:colcon.colcon_core.package_identification:_identify(.) by extensions ['ignore', 'ignore_ament_install']
[0.584s] Level 1:colcon.colcon_core.package_identification:_identify(.) by extension 'ignore'
[0.584s] Level 1:colcon.colcon_core.package_identification:_identify(.) by extension 'ignore_ament_install'
[0.584s] Level 1:colcon.colcon_core.package_identification:_identify(.) by extensions ['colcon_pkg']
[0.584s] Level 1:colcon.colcon_core.package_identification:_identify(.) by extension 'colcon_pkg'
[0.584s] Level 1:colcon.colcon_core.package_identification:_identify(.) by extensions ['colcon_meta']
[0.585s] Level 1:colcon.colcon_core.package_identification:_identify(.) by extension 'colcon_meta'
[0.585s] Level 1:colcon.colcon_core.package_identification:_identify(.) by extensions ['ros']
[0.585s] Level 1:colcon.colcon_core.package_identification:_identify(.) by extension 'ros'
[0.697s] DEBUG:colcon.colcon_core.package_identification:Package '.' with type 'ros.catkin' and name 'web_interface_node'
[0.697s] Level 1:colcon.colcon_core.package_discovery:discover_packages(recursive) using defaults
[0.698s] Level 1:colcon.colcon_core.package_discovery:discover_packages(ignore) discover
[0.698s] Level 1:colcon.colcon_core.package_discovery:discover_packages(ignore) using defaults
[0.698s] Level 1:colcon.colcon_core.package_discovery:discover_packages(path) discover
[0.698s] Level 1:colcon.colcon_core.package_discovery:discover_packages(path) using defaults
[0.764s] Level 1:colcon.colcon_core.package_discovery:discover_packages(prefix_path) check parameters
[0.765s] Level 1:colcon.colcon_core.package_discovery:discover_packages(prefix_path) discover
[0.773s] DEBUG:colcon.colcon_installed_package_information.package_discovery:Found 5 installed packages in /home/forgers/ros2_ws/install
[0.781s] DEBUG:colcon.colcon_installed_package_information.package_discovery:Found 205 installed packages in /opt/ros/jazzy
[0.783s] Level 1:colcon.colcon_core.package_discovery:discover_packages(prefix_path) using defaults
[0.917s] Level 5:colcon.colcon_core.verb:set package 'web_interface_node' build argument 'cmake_args' from command line to 'None'
[0.917s] Level 5:colcon.colcon_core.verb:set package 'web_interface_node' build argument 'cmake_target' from command line to 'None'
[0.917s] Level 5:colcon.colcon_core.verb:set package 'web_interface_node' build argument 'cmake_target_skip_unavailable' from command line to 'False'
[0.917s] Level 5:colcon.colcon_core.verb:set package 'web_interface_node' build argument 'cmake_clean_cache' from command line to 'False'
[0.917s] Level 5:colcon.colcon_core.verb:set package 'web_interface_node' build argument 'cmake_clean_first' from command line to 'False'
[0.917s] Level 5:colcon.colcon_core.verb:set package 'web_interface_node' build argument 'cmake_force_configure' from command line to 'False'
[0.917s] Level 5:colcon.colcon_core.verb:set package 'web_interface_node' build argument 'ament_cmake_args' from command line to 'None'
[0.917s] Level 5:colcon.colcon_core.verb:set package 'web_interface_node' build argument 'catkin_cmake_args' from command line to 'None'
[0.917s] Level 5:colcon.colcon_core.verb:set package 'web_interface_node' build argument 'catkin_skip_building_tests' from command line to 'False'
[0.918s] DEBUG:colcon.colcon_core.verb:Building package 'web_interface_node' with the following arguments: {'ament_cmake_args': None, 'build_base': '/home/forgers/ros2_ws/src/web_interface_node/build/web_interface_node', 'catkin_cmake_args': None, 'catkin_skip_building_tests': False, 'cmake_args': None, 'cmake_clean_cache': False, 'cmake_clean_first': False, 'cmake_force_configure': False, 'cmake_target': None, 'cmake_target_skip_unavailable': False, 'install_base': '/home/forgers/ros2_ws/src/web_interface_node/install/web_interface_node', 'merge_install': False, 'path': '/home/forgers/ros2_ws/src/web_interface_node', 'symlink_install': True, 'test_result_base': None}
[0.918s] INFO:colcon.colcon_core.executor:Executing jobs using 'parallel' executor
[0.921s] DEBUG:colcon.colcon_parallel_executor.executor.parallel:run_until_complete
[0.922s] INFO:colcon.colcon_ros.task.catkin.build:Building ROS package in '/home/forgers/ros2_ws/src/web_interface_node' with build type 'catkin'
[0.922s] INFO:colcon.colcon_cmake.task.cmake.build:Building CMake package in '/home/forgers/ros2_ws/src/web_interface_node'
[0.930s] INFO:colcon.colcon_core.plugin_system:Skipping extension 'colcon_core.shell.bat': Not used on non-Windows systems
[0.931s] INFO:colcon.colcon_core.shell:Skip shell extension 'powershell' for command environment: Not usable outside of PowerShell
[0.931s] DEBUG:colcon.colcon_core.shell:Skip shell extension 'dsv' for command environment
[0.969s] DEBUG:colcon.colcon_core.event_handler.log_command:Invoking command in '/home/forgers/ros2_ws/src/web_interface_node/build/web_interface_node': DEBUGINFOD_URLS=https://debuginfod.ubuntu.com /usr/bin/cmake /home/forgers/ros2_ws/src/web_interface_node -DCATKIN_INSTALL_INTO_PREFIX_ROOT=0 -DCATKIN_SYMLINK_INSTALL=ON -DCMAKE_INSTALL_PREFIX=/home/forgers/ros2_ws/src/web_interface_node/install/web_interface_node
[4.459s] DEBUG:colcon.colcon_core.event_handler.log_command:Invoked command in '/home/forgers/ros2_ws/src/web_interface_node/build/web_interface_node' returned '0': DEBUGINFOD_URLS=https://debuginfod.ubuntu.com /usr/bin/cmake /home/forgers/ros2_ws/src/web_interface_node -DCATKIN_INSTALL_INTO_PREFIX_ROOT=0 -DCATKIN_SYMLINK_INSTALL=ON -DCMAKE_INSTALL_PREFIX=/home/forgers/ros2_ws/src/web_interface_node/install/web_interface_node
[4.465s] DEBUG:colcon.colcon_core.event_handler.log_command:Invoking command in '/home/forgers/ros2_ws/src/web_interface_node/build/web_interface_node': DEBUGINFOD_URLS=https://debuginfod.ubuntu.com /usr/bin/cmake --build /home/forgers/ros2_ws/src/web_interface_node/build/web_interface_node -- -j4 -l4
[4.651s] DEBUG:colcon.colcon_core.event_handler.log_command:Invoked command in '/home/forgers/ros2_ws/src/web_interface_node/build/web_interface_node' returned '0': DEBUGINFOD_URLS=https://debuginfod.ubuntu.com /usr/bin/cmake --build /home/forgers/ros2_ws/src/web_interface_node/build/web_interface_node -- -j4 -l4
[4.699s] DEBUG:colcon.colcon_core.event_handler.log_command:Invoking command in '/home/forgers/ros2_ws/src/web_interface_node/build/web_interface_node': DEBUGINFOD_URLS=https://debuginfod.ubuntu.com /usr/bin/cmake --install /home/forgers/ros2_ws/src/web_interface_node/build/web_interface_node
[4.770s] DEBUG:colcon.colcon_core.event_handler.log_command:Invoked command in '/home/forgers/ros2_ws/src/web_interface_node/build/web_interface_node' returned '1': DEBUGINFOD_URLS=https://debuginfod.ubuntu.com /usr/bin/cmake --install /home/forgers/ros2_ws/src/web_interface_node/build/web_interface_node
[4.771s] Level 1:colcon.colcon_core.shell:create_environment_hook('web_interface_node', 'ros_package_path')
[4.772s] INFO:colcon.colcon_core.shell:Creating environment hook '/home/forgers/ros2_ws/src/web_interface_node/install/web_interface_node/share/web_interface_node/hook/ros_package_path.ps1'
[4.774s] INFO:colcon.colcon_core.shell:Creating environment descriptor '/home/forgers/ros2_ws/src/web_interface_node/install/web_interface_node/share/web_interface_node/hook/ros_package_path.dsv'
[4.776s] INFO:colcon.colcon_core.shell:Creating environment hook '/home/forgers/ros2_ws/src/web_interface_node/install/web_interface_node/share/web_interface_node/hook/ros_package_path.sh'
[4.778s] Level 1:colcon.colcon_core.shell:create_environment_hook('web_interface_node', 'pkg_config_path')
[4.779s] INFO:colcon.colcon_core.shell:Creating environment hook '/home/forgers/ros2_ws/src/web_interface_node/install/web_interface_node/share/web_interface_node/hook/pkg_config_path.ps1'
[4.781s] INFO:colcon.colcon_core.shell:Creating environment descriptor '/home/forgers/ros2_ws/src/web_interface_node/install/web_interface_node/share/web_interface_node/hook/pkg_config_path.dsv'
[4.782s] INFO:colcon.colcon_core.shell:Creating environment hook '/home/forgers/ros2_ws/src/web_interface_node/install/web_interface_node/share/web_interface_node/hook/pkg_config_path.sh'
[4.790s] Level 1:colcon.colcon_core.shell:create_environment_hook('web_interface_node', 'pkg_config_path_multiarch')
[4.791s] INFO:colcon.colcon_core.shell:Creating environment hook '/home/forgers/ros2_ws/src/web_interface_node/install/web_interface_node/share/web_interface_node/hook/pkg_config_path_multiarch.ps1'
[4.793s] INFO:colcon.colcon_core.shell:Creating environment descriptor '/home/forgers/ros2_ws/src/web_interface_node/install/web_interface_node/share/web_interface_node/hook/pkg_config_path_multiarch.dsv'
[4.794s] INFO:colcon.colcon_core.shell:Creating environment hook '/home/forgers/ros2_ws/src/web_interface_node/install/web_interface_node/share/web_interface_node/hook/pkg_config_path_multiarch.sh'
[4.799s] Level 1:colcon.colcon_core.environment:create_environment_scripts_only(web_interface_node)
[4.808s] Level 1:colcon.colcon_core.environment:checking '/home/forgers/ros2_ws/src/web_interface_node/install/web_interface_node' for CMake module files
[4.811s] Level 1:colcon.colcon_core.environment:checking '/home/forgers/ros2_ws/src/web_interface_node/install/web_interface_node' for CMake config files
[4.814s] Level 1:colcon.colcon_core.environment:checking '/home/forgers/ros2_ws/src/web_interface_node/install/web_interface_node/lib'
[4.815s] Level 1:colcon.colcon_core.environment:checking '/home/forgers/ros2_ws/src/web_interface_node/install/web_interface_node/bin'
[4.815s] Level 1:colcon.colcon_core.environment:checking '/home/forgers/ros2_ws/src/web_interface_node/install/web_interface_node/lib/pkgconfig/web_interface_node.pc'
[4.816s] Level 1:colcon.colcon_core.environment:checking '/home/forgers/ros2_ws/src/web_interface_node/install/web_interface_node/lib/python3.12/site-packages'
[4.817s] Level 1:colcon.colcon_core.environment:checking '/home/forgers/ros2_ws/src/web_interface_node/install/web_interface_node/bin'
[4.818s] INFO:colcon.colcon_core.shell:Creating package script '/home/forgers/ros2_ws/src/web_interface_node/install/web_interface_node/share/web_interface_node/package.ps1'
[4.821s] INFO:colcon.colcon_core.shell:Creating package descriptor '/home/forgers/ros2_ws/src/web_interface_node/install/web_interface_node/share/web_interface_node/package.dsv'
[4.823s] INFO:colcon.colcon_core.shell:Creating package script '/home/forgers/ros2_ws/src/web_interface_node/install/web_interface_node/share/web_interface_node/package.sh'
[4.825s] INFO:colcon.colcon_core.shell:Creating package script '/home/forgers/ros2_ws/src/web_interface_node/install/web_interface_node/share/web_interface_node/package.bash'
[4.828s] INFO:colcon.colcon_core.shell:Creating package script '/home/forgers/ros2_ws/src/web_interface_node/install/web_interface_node/share/web_interface_node/package.zsh'
[4.830s] Level 1:colcon.colcon_core.environment:create_file_with_runtime_dependencies(/home/forgers/ros2_ws/src/web_interface_node/install/web_interface_node/share/colcon-core/packages/web_interface_node)
[4.832s] DEBUG:colcon.colcon_parallel_executor.executor.parallel:closing loop
[4.833s] DEBUG:colcon.colcon_parallel_executor.executor.parallel:loop closed
[4.833s] DEBUG:colcon.colcon_parallel_executor.executor.parallel:run_until_complete finished with '1'
[4.833s] DEBUG:colcon.colcon_core.event_reactor:joining thread
[4.855s] INFO:colcon.colcon_core.plugin_system:Skipping extension 'colcon_notification.desktop_notification.terminal_notifier': Not used on non-Darwin systems
[4.855s] INFO:colcon.colcon_core.plugin_system:Skipping extension 'colcon_notification.desktop_notification.win32': Not used on non-Windows systems
[4.856s] INFO:colcon.colcon_notification.desktop_notification:Sending desktop notification using 'notify2'
[4.908s] DEBUG:colcon.colcon_core.event_reactor:joined thread
[4.909s] INFO:colcon.colcon_core.shell:Creating prefix script '/home/forgers/ros2_ws/src/web_interface_node/install/local_setup.ps1'
[4.913s] INFO:colcon.colcon_core.shell:Creating prefix util module '/home/forgers/ros2_ws/src/web_interface_node/install/_local_setup_util_ps1.py'
[4.918s] INFO:colcon.colcon_core.shell:Creating prefix chain script '/home/forgers/ros2_ws/src/web_interface_node/install/setup.ps1'
[4.924s] INFO:colcon.colcon_core.shell:Creating prefix script '/home/forgers/ros2_ws/src/web_interface_node/install/local_setup.sh'
[4.927s] INFO:colcon.colcon_core.shell:Creating prefix util module '/home/forgers/ros2_ws/src/web_interface_node/install/_local_setup_util_sh.py'
[4.930s] INFO:colcon.colcon_core.shell:Creating prefix chain script '/home/forgers/ros2_ws/src/web_interface_node/install/setup.sh'
[4.936s] INFO:colcon.colcon_core.shell:Creating prefix script '/home/forgers/ros2_ws/src/web_interface_node/install/local_setup.bash'
[4.938s] INFO:colcon.colcon_core.shell:Creating prefix chain script '/home/forgers/ros2_ws/src/web_interface_node/install/setup.bash'
[4.943s] INFO:colcon.colcon_core.shell:Creating prefix script '/home/forgers/ros2_ws/src/web_interface_node/install/local_setup.zsh'
[4.945s] INFO:colcon.colcon_core.shell:Creating prefix chain script '/home/forgers/ros2_ws/src/web_interface_node/install/setup.zsh'
