[0.468s] DEBUG:colcon:Command line arguments: ['/usr/bin/colcon', 'build', '--symlink-install']
[0.469s] DEBUG:colcon:Parsed command line arguments: Namespace(log_base=None, log_level=None, verb_name='build', build_base='build', install_base='install', merge_install=False, symlink_install=True, test_result_base=None, continue_on_error=False, executor='parallel', parallel_workers=4, event_handlers=None, ignore_user_meta=False, metas=['./colcon.meta'], base_paths=['.'], packages_ignore=None, packages_ignore_regex=None, paths=None, packages_up_to=None, packages_up_to_regex=None, packages_above=None, packages_above_and_dependencies=None, packages_above_depth=None, packages_select_by_dep=None, packages_skip_by_dep=None, packages_skip_up_to=None, packages_select_build_failed=False, packages_skip_build_finished=False, packages_select_test_failures=False, packages_skip_test_passed=False, packages_select=None, packages_skip=None, packages_select_regex=None, packages_skip_regex=None, packages_start=None, packages_end=None, allow_overriding=[], cmake_args=None, cmake_target=None, cmake_target_skip_unavailable=False, cmake_clean_cache=False, cmake_clean_first=False, cmake_force_configure=False, ament_cmake_args=None, catkin_cmake_args=None, catkin_skip_building_tests=False, verb_parser=<colcon_defaults.argument_parser.defaults.DefaultArgumentsDecorator object at 0xffffb65ef470>, verb_extension=<colcon_core.verb.build.BuildVerb object at 0xffffb76edeb0>, main=<bound method BuildVerb.main of <colcon_core.verb.build.BuildVerb object at 0xffffb76edeb0>>)
[0.655s] Level 1:colcon.colcon_core.package_discovery:discover_packages(colcon_meta) check parameters
[0.656s] Level 1:colcon.colcon_core.package_discovery:discover_packages(recursive) check parameters
[0.656s] Level 1:colcon.colcon_core.package_discovery:discover_packages(ignore) check parameters
[0.656s] Level 1:colcon.colcon_core.package_discovery:discover_packages(path) check parameters
[0.656s] Level 1:colcon.colcon_core.package_discovery:discover_packages(colcon_meta) discover
[0.656s] Level 1:colcon.colcon_core.package_discovery:discover_packages(recursive) discover
[0.657s] INFO:colcon.colcon_core.package_discovery:Crawling recursively for packages in '/home/forgers/ros2_ws/src/ROBO-DECK'
[0.657s] Level 1:colcon.colcon_core.package_identification:_identify(.) by extensions ['ignore', 'ignore_ament_install']
[0.657s] Level 1:colcon.colcon_core.package_identification:_identify(.) by extension 'ignore'
[0.658s] Level 1:colcon.colcon_core.package_identification:_identify(.) by extension 'ignore_ament_install'
[0.658s] Level 1:colcon.colcon_core.package_identification:_identify(.) by extensions ['colcon_pkg']
[0.658s] Level 1:colcon.colcon_core.package_identification:_identify(.) by extension 'colcon_pkg'
[0.658s] Level 1:colcon.colcon_core.package_identification:_identify(.) by extensions ['colcon_meta']
[0.658s] Level 1:colcon.colcon_core.package_identification:_identify(.) by extension 'colcon_meta'
[0.658s] Level 1:colcon.colcon_core.package_identification:_identify(.) by extensions ['ros']
[0.658s] Level 1:colcon.colcon_core.package_identification:_identify(.) by extension 'ros'
[0.759s] Level 1:colcon.colcon_core.package_identification:_identify(.) by extensions ['cmake', 'python']
[0.759s] Level 1:colcon.colcon_core.package_identification:_identify(.) by extension 'cmake'
[0.759s] Level 1:colcon.colcon_core.package_identification:_identify(.) by extension 'python'
[0.759s] Level 1:colcon.colcon_core.package_identification:_identify(.) by extensions ['python_setup_py']
[0.759s] Level 1:colcon.colcon_core.package_identification:_identify(.) by extension 'python_setup_py'
[0.760s] Level 1:colcon.colcon_core.package_identification:_identify(build) by extensions ['ignore', 'ignore_ament_install']
[0.760s] Level 1:colcon.colcon_core.package_identification:_identify(build) by extension 'ignore'
[0.760s] Level 1:colcon.colcon_core.package_identification:_identify(build) ignored
[0.761s] Level 1:colcon.colcon_core.package_identification:_identify(install) by extensions ['ignore', 'ignore_ament_install']
[0.762s] Level 1:colcon.colcon_core.package_identification:_identify(install) by extension 'ignore'
[0.762s] Level 1:colcon.colcon_core.package_identification:_identify(install) ignored
[0.762s] Level 1:colcon.colcon_core.package_identification:_identify(log) by extensions ['ignore', 'ignore_ament_install']
[0.762s] Level 1:colcon.colcon_core.package_identification:_identify(log) by extension 'ignore'
[0.763s] Level 1:colcon.colcon_core.package_identification:_identify(log) ignored
[0.763s] Level 1:colcon.colcon_core.package_identification:_identify(src) by extensions ['ignore', 'ignore_ament_install']
[0.763s] Level 1:colcon.colcon_core.package_identification:_identify(src) by extension 'ignore'
[0.763s] Level 1:colcon.colcon_core.package_identification:_identify(src) by extension 'ignore_ament_install'
[0.764s] Level 1:colcon.colcon_core.package_identification:_identify(src) by extensions ['colcon_pkg']
[0.764s] Level 1:colcon.colcon_core.package_identification:_identify(src) by extension 'colcon_pkg'
[0.764s] Level 1:colcon.colcon_core.package_identification:_identify(src) by extensions ['colcon_meta']
[0.764s] Level 1:colcon.colcon_core.package_identification:_identify(src) by extension 'colcon_meta'
[0.764s] Level 1:colcon.colcon_core.package_identification:_identify(src) by extensions ['ros']
[0.764s] Level 1:colcon.colcon_core.package_identification:_identify(src) by extension 'ros'
[0.765s] Level 1:colcon.colcon_core.package_identification:_identify(src) by extensions ['cmake', 'python']
[0.765s] Level 1:colcon.colcon_core.package_identification:_identify(src) by extension 'cmake'
[0.765s] Level 1:colcon.colcon_core.package_identification:_identify(src) by extension 'python'
[0.765s] Level 1:colcon.colcon_core.package_identification:_identify(src) by extensions ['python_setup_py']
[0.765s] Level 1:colcon.colcon_core.package_identification:_identify(src) by extension 'python_setup_py'
[0.765s] Level 1:colcon.colcon_core.package_identification:_identify(src/camera_node) by extensions ['ignore', 'ignore_ament_install']
[0.766s] Level 1:colcon.colcon_core.package_identification:_identify(src/camera_node) by extension 'ignore'
[0.766s] Level 1:colcon.colcon_core.package_identification:_identify(src/camera_node) ignored
[0.766s] Level 1:colcon.colcon_core.package_identification:_identify(src/esp32_bridge) by extensions ['ignore', 'ignore_ament_install']
[0.767s] Level 1:colcon.colcon_core.package_identification:_identify(src/esp32_bridge) by extension 'ignore'
[0.767s] Level 1:colcon.colcon_core.package_identification:_identify(src/esp32_bridge) ignored
[0.767s] Level 1:colcon.colcon_core.package_identification:_identify(src/esp32_uart_bridge_node) by extensions ['ignore', 'ignore_ament_install']
[0.767s] Level 1:colcon.colcon_core.package_identification:_identify(src/esp32_uart_bridge_node) by extension 'ignore'
[0.768s] Level 1:colcon.colcon_core.package_identification:_identify(src/esp32_uart_bridge_node) by extension 'ignore_ament_install'
[0.768s] Level 1:colcon.colcon_core.package_identification:_identify(src/esp32_uart_bridge_node) by extensions ['colcon_pkg']
[0.768s] Level 1:colcon.colcon_core.package_identification:_identify(src/esp32_uart_bridge_node) by extension 'colcon_pkg'
[0.768s] Level 1:colcon.colcon_core.package_identification:_identify(src/esp32_uart_bridge_node) by extensions ['colcon_meta']
[0.768s] Level 1:colcon.colcon_core.package_identification:_identify(src/esp32_uart_bridge_node) by extension 'colcon_meta'
[0.768s] Level 1:colcon.colcon_core.package_identification:_identify(src/esp32_uart_bridge_node) by extensions ['ros']
[0.769s] Level 1:colcon.colcon_core.package_identification:_identify(src/esp32_uart_bridge_node) by extension 'ros'
[0.781s] DEBUG:colcon.colcon_core.package_identification:Package 'src/esp32_uart_bridge_node' with type 'ros.ament_python' and name 'esp32_uart_bridge_node'
[0.781s] Level 1:colcon.colcon_core.package_identification:_identify(src/sensor_node) by extensions ['ignore', 'ignore_ament_install']
[0.782s] Level 1:colcon.colcon_core.package_identification:_identify(src/sensor_node) by extension 'ignore'
[0.782s] Level 1:colcon.colcon_core.package_identification:_identify(src/sensor_node) ignored
[0.782s] Level 1:colcon.colcon_core.package_identification:_identify(src/web_interface_node) by extensions ['ignore', 'ignore_ament_install']
[0.783s] Level 1:colcon.colcon_core.package_identification:_identify(src/web_interface_node) by extension 'ignore'
[0.783s] Level 1:colcon.colcon_core.package_identification:_identify(src/web_interface_node) by extension 'ignore_ament_install'
[0.783s] Level 1:colcon.colcon_core.package_identification:_identify(src/web_interface_node) by extensions ['colcon_pkg']
[0.783s] Level 1:colcon.colcon_core.package_identification:_identify(src/web_interface_node) by extension 'colcon_pkg'
[0.783s] Level 1:colcon.colcon_core.package_identification:_identify(src/web_interface_node) by extensions ['colcon_meta']
[0.783s] Level 1:colcon.colcon_core.package_identification:_identify(src/web_interface_node) by extension 'colcon_meta'
[0.784s] Level 1:colcon.colcon_core.package_identification:_identify(src/web_interface_node) by extensions ['ros']
[0.784s] Level 1:colcon.colcon_core.package_identification:_identify(src/web_interface_node) by extension 'ros'
[0.785s] DEBUG:colcon.colcon_core.package_identification:Package 'src/web_interface_node' with type 'ros.catkin' and name 'web_interface_node'
[0.785s] Level 1:colcon.colcon_core.package_discovery:discover_packages(recursive) using defaults
[0.786s] Level 1:colcon.colcon_core.package_discovery:discover_packages(ignore) discover
[0.786s] Level 1:colcon.colcon_core.package_discovery:discover_packages(ignore) using defaults
[0.786s] Level 1:colcon.colcon_core.package_discovery:discover_packages(path) discover
[0.786s] Level 1:colcon.colcon_core.package_discovery:discover_packages(path) using defaults
[0.853s] Level 1:colcon.colcon_core.package_discovery:discover_packages(prefix_path) check parameters
[0.853s] Level 1:colcon.colcon_core.package_discovery:discover_packages(prefix_path) discover
[0.860s] DEBUG:colcon.colcon_installed_package_information.package_discovery:Found 4 installed packages in /home/forgers/ros2_ws/src/ROBO-DECK/install
[0.863s] DEBUG:colcon.colcon_installed_package_information.package_discovery:Found 3 installed packages in /home/forgers/ros2_ws/install
[0.871s] DEBUG:colcon.colcon_installed_package_information.package_discovery:Found 205 installed packages in /opt/ros/jazzy
[0.874s] Level 1:colcon.colcon_core.package_discovery:discover_packages(prefix_path) using defaults
[1.007s] Level 5:colcon.colcon_core.verb:set package 'esp32_uart_bridge_node' build argument 'cmake_args' from command line to 'None'
[1.007s] Level 5:colcon.colcon_core.verb:set package 'esp32_uart_bridge_node' build argument 'cmake_target' from command line to 'None'
[1.007s] Level 5:colcon.colcon_core.verb:set package 'esp32_uart_bridge_node' build argument 'cmake_target_skip_unavailable' from command line to 'False'
[1.008s] Level 5:colcon.colcon_core.verb:set package 'esp32_uart_bridge_node' build argument 'cmake_clean_cache' from command line to 'False'
[1.008s] Level 5:colcon.colcon_core.verb:set package 'esp32_uart_bridge_node' build argument 'cmake_clean_first' from command line to 'False'
[1.008s] Level 5:colcon.colcon_core.verb:set package 'esp32_uart_bridge_node' build argument 'cmake_force_configure' from command line to 'False'
[1.008s] Level 5:colcon.colcon_core.verb:set package 'esp32_uart_bridge_node' build argument 'ament_cmake_args' from command line to 'None'
[1.008s] Level 5:colcon.colcon_core.verb:set package 'esp32_uart_bridge_node' build argument 'catkin_cmake_args' from command line to 'None'
[1.008s] Level 5:colcon.colcon_core.verb:set package 'esp32_uart_bridge_node' build argument 'catkin_skip_building_tests' from command line to 'False'
[1.008s] DEBUG:colcon.colcon_core.verb:Building package 'esp32_uart_bridge_node' with the following arguments: {'ament_cmake_args': None, 'build_base': '/home/forgers/ros2_ws/src/ROBO-DECK/build/esp32_uart_bridge_node', 'catkin_cmake_args': None, 'catkin_skip_building_tests': False, 'cmake_args': None, 'cmake_clean_cache': False, 'cmake_clean_first': False, 'cmake_force_configure': False, 'cmake_target': None, 'cmake_target_skip_unavailable': False, 'install_base': '/home/forgers/ros2_ws/src/ROBO-DECK/install/esp32_uart_bridge_node', 'merge_install': False, 'path': '/home/forgers/ros2_ws/src/ROBO-DECK/src/esp32_uart_bridge_node', 'symlink_install': True, 'test_result_base': None}
[1.009s] Level 5:colcon.colcon_core.verb:set package 'web_interface_node' build argument 'cmake_args' from command line to 'None'
[1.010s] Level 5:colcon.colcon_core.verb:set package 'web_interface_node' build argument 'cmake_target' from command line to 'None'
[1.010s] Level 5:colcon.colcon_core.verb:set package 'web_interface_node' build argument 'cmake_target_skip_unavailable' from command line to 'False'
[1.010s] Level 5:colcon.colcon_core.verb:set package 'web_interface_node' build argument 'cmake_clean_cache' from command line to 'False'
[1.010s] Level 5:colcon.colcon_core.verb:set package 'web_interface_node' build argument 'cmake_clean_first' from command line to 'False'
[1.010s] Level 5:colcon.colcon_core.verb:set package 'web_interface_node' build argument 'cmake_force_configure' from command line to 'False'
[1.010s] Level 5:colcon.colcon_core.verb:set package 'web_interface_node' build argument 'ament_cmake_args' from command line to 'None'
[1.010s] Level 5:colcon.colcon_core.verb:set package 'web_interface_node' build argument 'catkin_cmake_args' from command line to 'None'
[1.010s] Level 5:colcon.colcon_core.verb:set package 'web_interface_node' build argument 'catkin_skip_building_tests' from command line to 'False'
[1.010s] DEBUG:colcon.colcon_core.verb:Building package 'web_interface_node' with the following arguments: {'ament_cmake_args': None, 'build_base': '/home/forgers/ros2_ws/src/ROBO-DECK/build/web_interface_node', 'catkin_cmake_args': None, 'catkin_skip_building_tests': False, 'cmake_args': None, 'cmake_clean_cache': False, 'cmake_clean_first': False, 'cmake_force_configure': False, 'cmake_target': None, 'cmake_target_skip_unavailable': False, 'install_base': '/home/forgers/ros2_ws/src/ROBO-DECK/install/web_interface_node', 'merge_install': False, 'path': '/home/forgers/ros2_ws/src/ROBO-DECK/src/web_interface_node', 'symlink_install': True, 'test_result_base': None}
[1.011s] INFO:colcon.colcon_core.executor:Executing jobs using 'parallel' executor
[1.014s] DEBUG:colcon.colcon_parallel_executor.executor.parallel:run_until_complete
[1.015s] INFO:colcon.colcon_ros.task.ament_python.build:Building ROS package in '/home/forgers/ros2_ws/src/ROBO-DECK/src/esp32_uart_bridge_node' with build type 'ament_python'
[1.015s] Level 1:colcon.colcon_core.shell:create_environment_hook('esp32_uart_bridge_node', 'ament_prefix_path')
[1.023s] INFO:colcon.colcon_core.plugin_system:Skipping extension 'colcon_core.shell.bat': Not used on non-Windows systems
[1.024s] INFO:colcon.colcon_core.shell:Creating environment hook '/home/forgers/ros2_ws/src/ROBO-DECK/install/esp32_uart_bridge_node/share/esp32_uart_bridge_node/hook/ament_prefix_path.ps1'
[1.026s] INFO:colcon.colcon_core.shell:Creating environment descriptor '/home/forgers/ros2_ws/src/ROBO-DECK/install/esp32_uart_bridge_node/share/esp32_uart_bridge_node/hook/ament_prefix_path.dsv'
[1.028s] INFO:colcon.colcon_core.shell:Creating environment hook '/home/forgers/ros2_ws/src/ROBO-DECK/install/esp32_uart_bridge_node/share/esp32_uart_bridge_node/hook/ament_prefix_path.sh'
[1.031s] INFO:colcon.colcon_core.shell:Skip shell extension 'powershell' for command environment: Not usable outside of PowerShell
[1.032s] DEBUG:colcon.colcon_core.shell:Skip shell extension 'dsv' for command environment
[1.049s] INFO:colcon.colcon_ros.task.catkin.build:Building ROS package in '/home/forgers/ros2_ws/src/ROBO-DECK/src/web_interface_node' with build type 'catkin'
[1.049s] INFO:colcon.colcon_cmake.task.cmake.build:Building CMake package in '/home/forgers/ros2_ws/src/ROBO-DECK/src/web_interface_node'
[1.050s] INFO:colcon.colcon_core.shell:Skip shell extension 'powershell' for command environment: Not usable outside of PowerShell
[1.051s] DEBUG:colcon.colcon_core.shell:Skip shell extension 'dsv' for command environment
[1.934s] INFO:colcon.colcon_core.task.python.build:Building Python package in '/home/forgers/ros2_ws/src/ROBO-DECK/src/esp32_uart_bridge_node'
[1.935s] INFO:colcon.colcon_core.shell:Skip shell extension 'powershell' for command environment: Not usable outside of PowerShell
[1.935s] DEBUG:colcon.colcon_core.shell:Skip shell extension 'dsv' for command environment
[1.970s] DEBUG:colcon.colcon_core.event_handler.log_command:Invoking command in '/home/forgers/ros2_ws/src/ROBO-DECK/build/web_interface_node': DEBUGINFOD_URLS=https://debuginfod.ubuntu.com /usr/bin/cmake --build /home/forgers/ros2_ws/src/ROBO-DECK/build/web_interface_node -- -j4 -l4
[2.166s] DEBUG:colcon.colcon_core.event_handler.log_command:Invoked command in '/home/forgers/ros2_ws/src/ROBO-DECK/build/web_interface_node' returned '0': DEBUGINFOD_URLS=https://debuginfod.ubuntu.com /usr/bin/cmake --build /home/forgers/ros2_ws/src/ROBO-DECK/build/web_interface_node -- -j4 -l4
[2.230s] DEBUG:colcon.colcon_core.event_handler.log_command:Invoking command in '/home/forgers/ros2_ws/src/ROBO-DECK/build/web_interface_node': DEBUGINFOD_URLS=https://debuginfod.ubuntu.com /usr/bin/cmake --install /home/forgers/ros2_ws/src/ROBO-DECK/build/web_interface_node
[2.294s] Level 1:colcon.colcon_core.shell:create_environment_hook('web_interface_node', 'ros_package_path')
[2.295s] INFO:colcon.colcon_core.shell:Creating environment hook '/home/forgers/ros2_ws/src/ROBO-DECK/install/web_interface_node/share/web_interface_node/hook/ros_package_path.ps1'
[2.300s] INFO:colcon.colcon_core.shell:Creating environment descriptor '/home/forgers/ros2_ws/src/ROBO-DECK/install/web_interface_node/share/web_interface_node/hook/ros_package_path.dsv'
[2.305s] INFO:colcon.colcon_core.shell:Creating environment hook '/home/forgers/ros2_ws/src/ROBO-DECK/install/web_interface_node/share/web_interface_node/hook/ros_package_path.sh'
[2.311s] Level 1:colcon.colcon_core.shell:create_environment_hook('web_interface_node', 'pkg_config_path')
[2.312s] INFO:colcon.colcon_core.shell:Creating environment hook '/home/forgers/ros2_ws/src/ROBO-DECK/install/web_interface_node/share/web_interface_node/hook/pkg_config_path.ps1'
[2.316s] INFO:colcon.colcon_core.shell:Creating environment descriptor '/home/forgers/ros2_ws/src/ROBO-DECK/install/web_interface_node/share/web_interface_node/hook/pkg_config_path.dsv'
[2.321s] INFO:colcon.colcon_core.shell:Creating environment hook '/home/forgers/ros2_ws/src/ROBO-DECK/install/web_interface_node/share/web_interface_node/hook/pkg_config_path.sh'
[2.329s] DEBUG:colcon.colcon_core.event_handler.log_command:Invoked command in '/home/forgers/ros2_ws/src/ROBO-DECK/build/web_interface_node' returned '1': DEBUGINFOD_URLS=https://debuginfod.ubuntu.com /usr/bin/cmake --install /home/forgers/ros2_ws/src/ROBO-DECK/build/web_interface_node
[2.336s] Level 1:colcon.colcon_core.shell:create_environment_hook('web_interface_node', 'pkg_config_path_multiarch')
[2.337s] INFO:colcon.colcon_core.shell:Creating environment hook '/home/forgers/ros2_ws/src/ROBO-DECK/install/web_interface_node/share/web_interface_node/hook/pkg_config_path_multiarch.ps1'
[2.340s] INFO:colcon.colcon_core.shell:Creating environment descriptor '/home/forgers/ros2_ws/src/ROBO-DECK/install/web_interface_node/share/web_interface_node/hook/pkg_config_path_multiarch.dsv'
[2.342s] INFO:colcon.colcon_core.shell:Creating environment hook '/home/forgers/ros2_ws/src/ROBO-DECK/install/web_interface_node/share/web_interface_node/hook/pkg_config_path_multiarch.sh'
[2.347s] Level 1:colcon.colcon_core.environment:create_environment_scripts_only(web_interface_node)
[2.358s] Level 1:colcon.colcon_core.environment:checking '/home/forgers/ros2_ws/src/ROBO-DECK/install/web_interface_node' for CMake module files
[2.361s] Level 1:colcon.colcon_core.environment:checking '/home/forgers/ros2_ws/src/ROBO-DECK/install/web_interface_node' for CMake config files
[2.365s] Level 1:colcon.colcon_core.environment:checking '/home/forgers/ros2_ws/src/ROBO-DECK/install/web_interface_node/lib'
[2.366s] Level 1:colcon.colcon_core.environment:checking '/home/forgers/ros2_ws/src/ROBO-DECK/install/web_interface_node/bin'
[2.366s] Level 1:colcon.colcon_core.environment:checking '/home/forgers/ros2_ws/src/ROBO-DECK/install/web_interface_node/lib/pkgconfig/web_interface_node.pc'
[2.367s] Level 1:colcon.colcon_core.environment:checking '/home/forgers/ros2_ws/src/ROBO-DECK/install/web_interface_node/lib/python3.12/site-packages'
[2.368s] Level 1:colcon.colcon_core.environment:checking '/home/forgers/ros2_ws/src/ROBO-DECK/install/web_interface_node/bin'
[2.369s] INFO:colcon.colcon_core.shell:Creating package script '/home/forgers/ros2_ws/src/ROBO-DECK/install/web_interface_node/share/web_interface_node/package.ps1'
[2.374s] INFO:colcon.colcon_core.shell:Creating package descriptor '/home/forgers/ros2_ws/src/ROBO-DECK/install/web_interface_node/share/web_interface_node/package.dsv'
[2.377s] INFO:colcon.colcon_core.shell:Creating package script '/home/forgers/ros2_ws/src/ROBO-DECK/install/web_interface_node/share/web_interface_node/package.sh'
[2.381s] INFO:colcon.colcon_core.shell:Creating package script '/home/forgers/ros2_ws/src/ROBO-DECK/install/web_interface_node/share/web_interface_node/package.bash'
[2.383s] INFO:colcon.colcon_core.shell:Creating package script '/home/forgers/ros2_ws/src/ROBO-DECK/install/web_interface_node/share/web_interface_node/package.zsh'
[2.386s] Level 1:colcon.colcon_core.environment:create_file_with_runtime_dependencies(/home/forgers/ros2_ws/src/ROBO-DECK/install/web_interface_node/share/colcon-core/packages/web_interface_node)
[4.264s] DEBUG:colcon.colcon_parallel_executor.executor.parallel:closing loop
[4.265s] DEBUG:colcon.colcon_parallel_executor.executor.parallel:loop closed
[4.265s] DEBUG:colcon.colcon_parallel_executor.executor.parallel:run_until_complete finished with '1'
[4.266s] DEBUG:colcon.colcon_core.event_reactor:joining thread
[4.291s] INFO:colcon.colcon_core.plugin_system:Skipping extension 'colcon_notification.desktop_notification.terminal_notifier': Not used on non-Darwin systems
[4.291s] INFO:colcon.colcon_core.plugin_system:Skipping extension 'colcon_notification.desktop_notification.win32': Not used on non-Windows systems
[4.291s] INFO:colcon.colcon_notification.desktop_notification:Sending desktop notification using 'notify2'
[4.344s] DEBUG:colcon.colcon_core.event_reactor:joined thread
[4.346s] INFO:colcon.colcon_core.shell:Creating prefix script '/home/forgers/ros2_ws/src/ROBO-DECK/install/local_setup.ps1'
[4.350s] INFO:colcon.colcon_core.shell:Creating prefix util module '/home/forgers/ros2_ws/src/ROBO-DECK/install/_local_setup_util_ps1.py'
[4.355s] INFO:colcon.colcon_core.shell:Creating prefix chain script '/home/forgers/ros2_ws/src/ROBO-DECK/install/setup.ps1'
[4.359s] INFO:colcon.colcon_core.shell:Creating prefix script '/home/forgers/ros2_ws/src/ROBO-DECK/install/local_setup.sh'
[4.363s] INFO:colcon.colcon_core.shell:Creating prefix util module '/home/forgers/ros2_ws/src/ROBO-DECK/install/_local_setup_util_sh.py'
[4.366s] INFO:colcon.colcon_core.shell:Creating prefix chain script '/home/forgers/ros2_ws/src/ROBO-DECK/install/setup.sh'
[4.369s] INFO:colcon.colcon_core.shell:Creating prefix script '/home/forgers/ros2_ws/src/ROBO-DECK/install/local_setup.bash'
[4.371s] INFO:colcon.colcon_core.shell:Creating prefix chain script '/home/forgers/ros2_ws/src/ROBO-DECK/install/setup.bash'
[4.374s] INFO:colcon.colcon_core.shell:Creating prefix script '/home/forgers/ros2_ws/src/ROBO-DECK/install/local_setup.zsh'
[4.376s] INFO:colcon.colcon_core.shell:Creating prefix chain script '/home/forgers/ros2_ws/src/ROBO-DECK/install/setup.zsh'
