[0.411s] DEBUG:colcon:Command line arguments: ['/usr/bin/colcon', 'build', '--symlink-install']
[0.411s] DEBUG:colcon:Parsed command line arguments: Namespace(log_base=None, log_level=None, verb_name='build', build_base='build', install_base='install', merge_install=False, symlink_install=True, test_result_base=None, continue_on_error=False, executor='parallel', parallel_workers=4, event_handlers=None, ignore_user_meta=False, metas=['./colcon.meta'], base_paths=['.'], packages_ignore=None, packages_ignore_regex=None, paths=None, packages_up_to=None, packages_up_to_regex=None, packages_above=None, packages_above_and_dependencies=None, packages_above_depth=None, packages_select_by_dep=None, packages_skip_by_dep=None, packages_skip_up_to=None, packages_select_build_failed=False, packages_skip_build_finished=False, packages_select_test_failures=False, packages_skip_test_passed=False, packages_select=None, packages_skip=None, packages_select_regex=None, packages_skip_regex=None, packages_start=None, packages_end=None, allow_overriding=[], cmake_args=None, cmake_target=None, cmake_target_skip_unavailable=False, cmake_clean_cache=False, cmake_clean_first=False, cmake_force_configure=False, ament_cmake_args=None, catkin_cmake_args=None, catkin_skip_building_tests=False, verb_parser=<colcon_defaults.argument_parser.defaults.DefaultArgumentsDecorator object at 0xffffae6b7170>, verb_extension=<colcon_core.verb.build.BuildVerb object at 0xffffae873da0>, main=<bound method BuildVerb.main of <colcon_core.verb.build.BuildVerb object at 0xffffae873da0>>)
[0.579s] Level 1:colcon.colcon_core.package_discovery:discover_packages(colcon_meta) check parameters
[0.579s] Level 1:colcon.colcon_core.package_discovery:discover_packages(recursive) check parameters
[0.580s] Level 1:colcon.colcon_core.package_discovery:discover_packages(ignore) check parameters
[0.580s] Level 1:colcon.colcon_core.package_discovery:discover_packages(path) check parameters
[0.580s] Level 1:colcon.colcon_core.package_discovery:discover_packages(colcon_meta) discover
[0.580s] Level 1:colcon.colcon_core.package_discovery:discover_packages(recursive) discover
[0.580s] INFO:colcon.colcon_core.package_discovery:Crawling recursively for packages in '/home/forgers/ros2_ws/src/ROBO-DECK'
[0.581s] Level 1:colcon.colcon_core.package_identification:_identify(.) by extensions ['ignore', 'ignore_ament_install']
[0.581s] Level 1:colcon.colcon_core.package_identification:_identify(.) by extension 'ignore'
[0.581s] Level 1:colcon.colcon_core.package_identification:_identify(.) by extension 'ignore_ament_install'
[0.581s] Level 1:colcon.colcon_core.package_identification:_identify(.) by extensions ['colcon_pkg']
[0.581s] Level 1:colcon.colcon_core.package_identification:_identify(.) by extension 'colcon_pkg'
[0.582s] Level 1:colcon.colcon_core.package_identification:_identify(.) by extensions ['colcon_meta']
[0.582s] Level 1:colcon.colcon_core.package_identification:_identify(.) by extension 'colcon_meta'
[0.582s] Level 1:colcon.colcon_core.package_identification:_identify(.) by extensions ['ros']
[0.582s] Level 1:colcon.colcon_core.package_identification:_identify(.) by extension 'ros'
[0.683s] Level 1:colcon.colcon_core.package_identification:_identify(.) by extensions ['cmake', 'python']
[0.683s] Level 1:colcon.colcon_core.package_identification:_identify(.) by extension 'cmake'
[0.683s] Level 1:colcon.colcon_core.package_identification:_identify(.) by extension 'python'
[0.683s] Level 1:colcon.colcon_core.package_identification:_identify(.) by extensions ['python_setup_py']
[0.684s] Level 1:colcon.colcon_core.package_identification:_identify(.) by extension 'python_setup_py'
[0.684s] Level 1:colcon.colcon_core.package_identification:_identify(build) by extensions ['ignore', 'ignore_ament_install']
[0.684s] Level 1:colcon.colcon_core.package_identification:_identify(build) by extension 'ignore'
[0.685s] Level 1:colcon.colcon_core.package_identification:_identify(build) ignored
[0.685s] Level 1:colcon.colcon_core.package_identification:_identify(install) by extensions ['ignore', 'ignore_ament_install']
[0.686s] Level 1:colcon.colcon_core.package_identification:_identify(install) by extension 'ignore'
[0.686s] Level 1:colcon.colcon_core.package_identification:_identify(install) ignored
[0.686s] Level 1:colcon.colcon_core.package_identification:_identify(log) by extensions ['ignore', 'ignore_ament_install']
[0.687s] Level 1:colcon.colcon_core.package_identification:_identify(log) by extension 'ignore'
[0.687s] Level 1:colcon.colcon_core.package_identification:_identify(log) ignored
[0.687s] Level 1:colcon.colcon_core.package_identification:_identify(src) by extensions ['ignore', 'ignore_ament_install']
[0.688s] Level 1:colcon.colcon_core.package_identification:_identify(src) by extension 'ignore'
[0.688s] Level 1:colcon.colcon_core.package_identification:_identify(src) by extension 'ignore_ament_install'
[0.688s] Level 1:colcon.colcon_core.package_identification:_identify(src) by extensions ['colcon_pkg']
[0.688s] Level 1:colcon.colcon_core.package_identification:_identify(src) by extension 'colcon_pkg'
[0.688s] Level 1:colcon.colcon_core.package_identification:_identify(src) by extensions ['colcon_meta']
[0.688s] Level 1:colcon.colcon_core.package_identification:_identify(src) by extension 'colcon_meta'
[0.688s] Level 1:colcon.colcon_core.package_identification:_identify(src) by extensions ['ros']
[0.689s] Level 1:colcon.colcon_core.package_identification:_identify(src) by extension 'ros'
[0.689s] Level 1:colcon.colcon_core.package_identification:_identify(src) by extensions ['cmake', 'python']
[0.689s] Level 1:colcon.colcon_core.package_identification:_identify(src) by extension 'cmake'
[0.689s] Level 1:colcon.colcon_core.package_identification:_identify(src) by extension 'python'
[0.689s] Level 1:colcon.colcon_core.package_identification:_identify(src) by extensions ['python_setup_py']
[0.689s] Level 1:colcon.colcon_core.package_identification:_identify(src) by extension 'python_setup_py'
[0.690s] Level 1:colcon.colcon_core.package_identification:_identify(src/camera_node) by extensions ['ignore', 'ignore_ament_install']
[0.690s] Level 1:colcon.colcon_core.package_identification:_identify(src/camera_node) by extension 'ignore'
[0.690s] Level 1:colcon.colcon_core.package_identification:_identify(src/camera_node) ignored
[0.691s] Level 1:colcon.colcon_core.package_identification:_identify(src/esp32_bridge) by extensions ['ignore', 'ignore_ament_install']
[0.691s] Level 1:colcon.colcon_core.package_identification:_identify(src/esp32_bridge) by extension 'ignore'
[0.691s] Level 1:colcon.colcon_core.package_identification:_identify(src/esp32_bridge) ignored
[0.691s] Level 1:colcon.colcon_core.package_identification:_identify(src/esp32_uart_bridge_node) by extensions ['ignore', 'ignore_ament_install']
[0.692s] Level 1:colcon.colcon_core.package_identification:_identify(src/esp32_uart_bridge_node) by extension 'ignore'
[0.692s] Level 1:colcon.colcon_core.package_identification:_identify(src/esp32_uart_bridge_node) by extension 'ignore_ament_install'
[0.692s] Level 1:colcon.colcon_core.package_identification:_identify(src/esp32_uart_bridge_node) by extensions ['colcon_pkg']
[0.692s] Level 1:colcon.colcon_core.package_identification:_identify(src/esp32_uart_bridge_node) by extension 'colcon_pkg'
[0.692s] Level 1:colcon.colcon_core.package_identification:_identify(src/esp32_uart_bridge_node) by extensions ['colcon_meta']
[0.693s] Level 1:colcon.colcon_core.package_identification:_identify(src/esp32_uart_bridge_node) by extension 'colcon_meta'
[0.693s] Level 1:colcon.colcon_core.package_identification:_identify(src/esp32_uart_bridge_node) by extensions ['ros']
[0.693s] Level 1:colcon.colcon_core.package_identification:_identify(src/esp32_uart_bridge_node) by extension 'ros'
[0.708s] DEBUG:colcon.colcon_core.package_identification:Package 'src/esp32_uart_bridge_node' with type 'ros.ament_python' and name 'esp32_uart_bridge_node'
[0.708s] Level 1:colcon.colcon_core.package_identification:_identify(src/sensor_node) by extensions ['ignore', 'ignore_ament_install']
[0.709s] Level 1:colcon.colcon_core.package_identification:_identify(src/sensor_node) by extension 'ignore'
[0.709s] Level 1:colcon.colcon_core.package_identification:_identify(src/sensor_node) ignored
[0.710s] Level 1:colcon.colcon_core.package_identification:_identify(src/web_interface_node) by extensions ['ignore', 'ignore_ament_install']
[0.710s] Level 1:colcon.colcon_core.package_identification:_identify(src/web_interface_node) by extension 'ignore'
[0.711s] Level 1:colcon.colcon_core.package_identification:_identify(src/web_interface_node) by extension 'ignore_ament_install'
[0.711s] Level 1:colcon.colcon_core.package_identification:_identify(src/web_interface_node) by extensions ['colcon_pkg']
[0.711s] Level 1:colcon.colcon_core.package_identification:_identify(src/web_interface_node) by extension 'colcon_pkg'
[0.712s] Level 1:colcon.colcon_core.package_identification:_identify(src/web_interface_node) by extensions ['colcon_meta']
[0.712s] Level 1:colcon.colcon_core.package_identification:_identify(src/web_interface_node) by extension 'colcon_meta'
[0.712s] Level 1:colcon.colcon_core.package_identification:_identify(src/web_interface_node) by extensions ['ros']
[0.712s] Level 1:colcon.colcon_core.package_identification:_identify(src/web_interface_node) by extension 'ros'
[0.714s] DEBUG:colcon.colcon_core.package_identification:Package 'src/web_interface_node' with type 'ros.catkin' and name 'web_interface_node'
[0.714s] Level 1:colcon.colcon_core.package_discovery:discover_packages(recursive) using defaults
[0.715s] Level 1:colcon.colcon_core.package_discovery:discover_packages(ignore) discover
[0.715s] Level 1:colcon.colcon_core.package_discovery:discover_packages(ignore) using defaults
[0.715s] Level 1:colcon.colcon_core.package_discovery:discover_packages(path) discover
[0.715s] Level 1:colcon.colcon_core.package_discovery:discover_packages(path) using defaults
[0.783s] Level 1:colcon.colcon_core.package_discovery:discover_packages(prefix_path) check parameters
[0.783s] Level 1:colcon.colcon_core.package_discovery:discover_packages(prefix_path) discover
[0.791s] DEBUG:colcon.colcon_installed_package_information.package_discovery:Found 4 installed packages in /home/forgers/ros2_ws/src/ROBO-DECK/install
[0.793s] DEBUG:colcon.colcon_installed_package_information.package_discovery:Found 3 installed packages in /home/forgers/ros2_ws/install
[0.802s] DEBUG:colcon.colcon_installed_package_information.package_discovery:Found 205 installed packages in /opt/ros/jazzy
[0.805s] Level 1:colcon.colcon_core.package_discovery:discover_packages(prefix_path) using defaults
[0.935s] Level 5:colcon.colcon_core.verb:set package 'esp32_uart_bridge_node' build argument 'cmake_args' from command line to 'None'
[0.936s] Level 5:colcon.colcon_core.verb:set package 'esp32_uart_bridge_node' build argument 'cmake_target' from command line to 'None'
[0.936s] Level 5:colcon.colcon_core.verb:set package 'esp32_uart_bridge_node' build argument 'cmake_target_skip_unavailable' from command line to 'False'
[0.936s] Level 5:colcon.colcon_core.verb:set package 'esp32_uart_bridge_node' build argument 'cmake_clean_cache' from command line to 'False'
[0.936s] Level 5:colcon.colcon_core.verb:set package 'esp32_uart_bridge_node' build argument 'cmake_clean_first' from command line to 'False'
[0.936s] Level 5:colcon.colcon_core.verb:set package 'esp32_uart_bridge_node' build argument 'cmake_force_configure' from command line to 'False'
[0.936s] Level 5:colcon.colcon_core.verb:set package 'esp32_uart_bridge_node' build argument 'ament_cmake_args' from command line to 'None'
[0.936s] Level 5:colcon.colcon_core.verb:set package 'esp32_uart_bridge_node' build argument 'catkin_cmake_args' from command line to 'None'
[0.936s] Level 5:colcon.colcon_core.verb:set package 'esp32_uart_bridge_node' build argument 'catkin_skip_building_tests' from command line to 'False'
[0.936s] DEBUG:colcon.colcon_core.verb:Building package 'esp32_uart_bridge_node' with the following arguments: {'ament_cmake_args': None, 'build_base': '/home/forgers/ros2_ws/src/ROBO-DECK/build/esp32_uart_bridge_node', 'catkin_cmake_args': None, 'catkin_skip_building_tests': False, 'cmake_args': None, 'cmake_clean_cache': False, 'cmake_clean_first': False, 'cmake_force_configure': False, 'cmake_target': None, 'cmake_target_skip_unavailable': False, 'install_base': '/home/forgers/ros2_ws/src/ROBO-DECK/install/esp32_uart_bridge_node', 'merge_install': False, 'path': '/home/forgers/ros2_ws/src/ROBO-DECK/src/esp32_uart_bridge_node', 'symlink_install': True, 'test_result_base': None}
[0.938s] Level 5:colcon.colcon_core.verb:set package 'web_interface_node' build argument 'cmake_args' from command line to 'None'
[0.938s] Level 5:colcon.colcon_core.verb:set package 'web_interface_node' build argument 'cmake_target' from command line to 'None'
[0.938s] Level 5:colcon.colcon_core.verb:set package 'web_interface_node' build argument 'cmake_target_skip_unavailable' from command line to 'False'
[0.938s] Level 5:colcon.colcon_core.verb:set package 'web_interface_node' build argument 'cmake_clean_cache' from command line to 'False'
[0.938s] Level 5:colcon.colcon_core.verb:set package 'web_interface_node' build argument 'cmake_clean_first' from command line to 'False'
[0.938s] Level 5:colcon.colcon_core.verb:set package 'web_interface_node' build argument 'cmake_force_configure' from command line to 'False'
[0.938s] Level 5:colcon.colcon_core.verb:set package 'web_interface_node' build argument 'ament_cmake_args' from command line to 'None'
[0.938s] Level 5:colcon.colcon_core.verb:set package 'web_interface_node' build argument 'catkin_cmake_args' from command line to 'None'
[0.938s] Level 5:colcon.colcon_core.verb:set package 'web_interface_node' build argument 'catkin_skip_building_tests' from command line to 'False'
[0.939s] DEBUG:colcon.colcon_core.verb:Building package 'web_interface_node' with the following arguments: {'ament_cmake_args': None, 'build_base': '/home/forgers/ros2_ws/src/ROBO-DECK/build/web_interface_node', 'catkin_cmake_args': None, 'catkin_skip_building_tests': False, 'cmake_args': None, 'cmake_clean_cache': False, 'cmake_clean_first': False, 'cmake_force_configure': False, 'cmake_target': None, 'cmake_target_skip_unavailable': False, 'install_base': '/home/forgers/ros2_ws/src/ROBO-DECK/install/web_interface_node', 'merge_install': False, 'path': '/home/forgers/ros2_ws/src/ROBO-DECK/src/web_interface_node', 'symlink_install': True, 'test_result_base': None}
[0.939s] INFO:colcon.colcon_core.executor:Executing jobs using 'parallel' executor
[0.942s] DEBUG:colcon.colcon_parallel_executor.executor.parallel:run_until_complete
[0.943s] INFO:colcon.colcon_ros.task.ament_python.build:Building ROS package in '/home/forgers/ros2_ws/src/ROBO-DECK/src/esp32_uart_bridge_node' with build type 'ament_python'
[0.944s] Level 1:colcon.colcon_core.shell:create_environment_hook('esp32_uart_bridge_node', 'ament_prefix_path')
[0.951s] INFO:colcon.colcon_core.plugin_system:Skipping extension 'colcon_core.shell.bat': Not used on non-Windows systems
[0.952s] INFO:colcon.colcon_core.shell:Creating environment hook '/home/forgers/ros2_ws/src/ROBO-DECK/install/esp32_uart_bridge_node/share/esp32_uart_bridge_node/hook/ament_prefix_path.ps1'
[0.955s] INFO:colcon.colcon_core.shell:Creating environment descriptor '/home/forgers/ros2_ws/src/ROBO-DECK/install/esp32_uart_bridge_node/share/esp32_uart_bridge_node/hook/ament_prefix_path.dsv'
[0.957s] INFO:colcon.colcon_core.shell:Creating environment hook '/home/forgers/ros2_ws/src/ROBO-DECK/install/esp32_uart_bridge_node/share/esp32_uart_bridge_node/hook/ament_prefix_path.sh'
[0.960s] INFO:colcon.colcon_core.shell:Skip shell extension 'powershell' for command environment: Not usable outside of PowerShell
[0.960s] DEBUG:colcon.colcon_core.shell:Skip shell extension 'dsv' for command environment
[0.977s] INFO:colcon.colcon_ros.task.catkin.build:Building ROS package in '/home/forgers/ros2_ws/src/ROBO-DECK/src/web_interface_node' with build type 'catkin'
[0.978s] INFO:colcon.colcon_cmake.task.cmake.build:Building CMake package in '/home/forgers/ros2_ws/src/ROBO-DECK/src/web_interface_node'
[0.979s] INFO:colcon.colcon_core.shell:Skip shell extension 'powershell' for command environment: Not usable outside of PowerShell
[0.979s] DEBUG:colcon.colcon_core.shell:Skip shell extension 'dsv' for command environment
[1.842s] INFO:colcon.colcon_core.task.python.build:Building Python package in '/home/forgers/ros2_ws/src/ROBO-DECK/src/esp32_uart_bridge_node'
[1.843s] INFO:colcon.colcon_core.shell:Skip shell extension 'powershell' for command environment: Not usable outside of PowerShell
[1.843s] DEBUG:colcon.colcon_core.shell:Skip shell extension 'dsv' for command environment
[1.878s] DEBUG:colcon.colcon_core.event_handler.log_command:Invoking command in '/home/forgers/ros2_ws/src/ROBO-DECK/build/web_interface_node': DEBUGINFOD_URLS=https://debuginfod.ubuntu.com /usr/bin/cmake --build /home/forgers/ros2_ws/src/ROBO-DECK/build/web_interface_node -- -j4 -l4
[2.085s] DEBUG:colcon.colcon_core.event_handler.log_command:Invoked command in '/home/forgers/ros2_ws/src/ROBO-DECK/build/web_interface_node' returned '0': DEBUGINFOD_URLS=https://debuginfod.ubuntu.com /usr/bin/cmake --build /home/forgers/ros2_ws/src/ROBO-DECK/build/web_interface_node -- -j4 -l4
[2.135s] DEBUG:colcon.colcon_core.event_handler.log_command:Invoking command in '/home/forgers/ros2_ws/src/ROBO-DECK/build/web_interface_node': DEBUGINFOD_URLS=https://debuginfod.ubuntu.com /usr/bin/cmake --install /home/forgers/ros2_ws/src/ROBO-DECK/build/web_interface_node
[2.211s] DEBUG:colcon.colcon_core.event_handler.log_command:Invoked command in '/home/forgers/ros2_ws/src/ROBO-DECK/build/web_interface_node' returned '1': DEBUGINFOD_URLS=https://debuginfod.ubuntu.com /usr/bin/cmake --install /home/forgers/ros2_ws/src/ROBO-DECK/build/web_interface_node
[2.213s] Level 1:colcon.colcon_core.shell:create_environment_hook('web_interface_node', 'ros_package_path')
[2.213s] INFO:colcon.colcon_core.shell:Creating environment hook '/home/forgers/ros2_ws/src/ROBO-DECK/install/web_interface_node/share/web_interface_node/hook/ros_package_path.ps1'
[2.216s] INFO:colcon.colcon_core.shell:Creating environment descriptor '/home/forgers/ros2_ws/src/ROBO-DECK/install/web_interface_node/share/web_interface_node/hook/ros_package_path.dsv'
[2.218s] INFO:colcon.colcon_core.shell:Creating environment hook '/home/forgers/ros2_ws/src/ROBO-DECK/install/web_interface_node/share/web_interface_node/hook/ros_package_path.sh'
[2.222s] Level 1:colcon.colcon_core.shell:create_environment_hook('web_interface_node', 'pkg_config_path')
[2.222s] INFO:colcon.colcon_core.shell:Creating environment hook '/home/forgers/ros2_ws/src/ROBO-DECK/install/web_interface_node/share/web_interface_node/hook/pkg_config_path.ps1'
[2.225s] INFO:colcon.colcon_core.shell:Creating environment descriptor '/home/forgers/ros2_ws/src/ROBO-DECK/install/web_interface_node/share/web_interface_node/hook/pkg_config_path.dsv'
[2.227s] INFO:colcon.colcon_core.shell:Creating environment hook '/home/forgers/ros2_ws/src/ROBO-DECK/install/web_interface_node/share/web_interface_node/hook/pkg_config_path.sh'
[2.236s] Level 1:colcon.colcon_core.shell:create_environment_hook('web_interface_node', 'pkg_config_path_multiarch')
[2.237s] INFO:colcon.colcon_core.shell:Creating environment hook '/home/forgers/ros2_ws/src/ROBO-DECK/install/web_interface_node/share/web_interface_node/hook/pkg_config_path_multiarch.ps1'
[2.239s] INFO:colcon.colcon_core.shell:Creating environment descriptor '/home/forgers/ros2_ws/src/ROBO-DECK/install/web_interface_node/share/web_interface_node/hook/pkg_config_path_multiarch.dsv'
[2.241s] INFO:colcon.colcon_core.shell:Creating environment hook '/home/forgers/ros2_ws/src/ROBO-DECK/install/web_interface_node/share/web_interface_node/hook/pkg_config_path_multiarch.sh'
[2.245s] Level 1:colcon.colcon_core.environment:create_environment_scripts_only(web_interface_node)
[2.259s] Level 1:colcon.colcon_core.environment:checking '/home/forgers/ros2_ws/src/ROBO-DECK/install/web_interface_node' for CMake module files
[2.262s] Level 1:colcon.colcon_core.environment:checking '/home/forgers/ros2_ws/src/ROBO-DECK/install/web_interface_node' for CMake config files
[2.266s] Level 1:colcon.colcon_core.environment:checking '/home/forgers/ros2_ws/src/ROBO-DECK/install/web_interface_node/lib'
[2.267s] Level 1:colcon.colcon_core.environment:checking '/home/forgers/ros2_ws/src/ROBO-DECK/install/web_interface_node/bin'
[2.267s] Level 1:colcon.colcon_core.environment:checking '/home/forgers/ros2_ws/src/ROBO-DECK/install/web_interface_node/lib/pkgconfig/web_interface_node.pc'
[2.268s] Level 1:colcon.colcon_core.environment:checking '/home/forgers/ros2_ws/src/ROBO-DECK/install/web_interface_node/lib/python3.12/site-packages'
[2.269s] Level 1:colcon.colcon_core.environment:checking '/home/forgers/ros2_ws/src/ROBO-DECK/install/web_interface_node/bin'
[2.270s] INFO:colcon.colcon_core.shell:Creating package script '/home/forgers/ros2_ws/src/ROBO-DECK/install/web_interface_node/share/web_interface_node/package.ps1'
[2.274s] INFO:colcon.colcon_core.shell:Creating package descriptor '/home/forgers/ros2_ws/src/ROBO-DECK/install/web_interface_node/share/web_interface_node/package.dsv'
[2.277s] INFO:colcon.colcon_core.shell:Creating package script '/home/forgers/ros2_ws/src/ROBO-DECK/install/web_interface_node/share/web_interface_node/package.sh'
[2.281s] INFO:colcon.colcon_core.shell:Creating package script '/home/forgers/ros2_ws/src/ROBO-DECK/install/web_interface_node/share/web_interface_node/package.bash'
[2.284s] INFO:colcon.colcon_core.shell:Creating package script '/home/forgers/ros2_ws/src/ROBO-DECK/install/web_interface_node/share/web_interface_node/package.zsh'
[2.287s] Level 1:colcon.colcon_core.environment:create_file_with_runtime_dependencies(/home/forgers/ros2_ws/src/ROBO-DECK/install/web_interface_node/share/colcon-core/packages/web_interface_node)
[4.277s] DEBUG:colcon.colcon_parallel_executor.executor.parallel:closing loop
[4.277s] DEBUG:colcon.colcon_parallel_executor.executor.parallel:loop closed
[4.277s] DEBUG:colcon.colcon_parallel_executor.executor.parallel:run_until_complete finished with '1'
[4.277s] DEBUG:colcon.colcon_core.event_reactor:joining thread
[4.304s] INFO:colcon.colcon_core.plugin_system:Skipping extension 'colcon_notification.desktop_notification.terminal_notifier': Not used on non-Darwin systems
[4.304s] INFO:colcon.colcon_core.plugin_system:Skipping extension 'colcon_notification.desktop_notification.win32': Not used on non-Windows systems
[4.304s] INFO:colcon.colcon_notification.desktop_notification:Sending desktop notification using 'notify2'
[4.359s] DEBUG:colcon.colcon_core.event_reactor:joined thread
[4.360s] INFO:colcon.colcon_core.shell:Creating prefix script '/home/forgers/ros2_ws/src/ROBO-DECK/install/local_setup.ps1'
[4.365s] INFO:colcon.colcon_core.shell:Creating prefix util module '/home/forgers/ros2_ws/src/ROBO-DECK/install/_local_setup_util_ps1.py'
[4.370s] INFO:colcon.colcon_core.shell:Creating prefix chain script '/home/forgers/ros2_ws/src/ROBO-DECK/install/setup.ps1'
[4.374s] INFO:colcon.colcon_core.shell:Creating prefix script '/home/forgers/ros2_ws/src/ROBO-DECK/install/local_setup.sh'
[4.378s] INFO:colcon.colcon_core.shell:Creating prefix util module '/home/forgers/ros2_ws/src/ROBO-DECK/install/_local_setup_util_sh.py'
[4.381s] INFO:colcon.colcon_core.shell:Creating prefix chain script '/home/forgers/ros2_ws/src/ROBO-DECK/install/setup.sh'
[4.385s] INFO:colcon.colcon_core.shell:Creating prefix script '/home/forgers/ros2_ws/src/ROBO-DECK/install/local_setup.bash'
[4.387s] INFO:colcon.colcon_core.shell:Creating prefix chain script '/home/forgers/ros2_ws/src/ROBO-DECK/install/setup.bash'
[4.390s] INFO:colcon.colcon_core.shell:Creating prefix script '/home/forgers/ros2_ws/src/ROBO-DECK/install/local_setup.zsh'
[4.392s] INFO:colcon.colcon_core.shell:Creating prefix chain script '/home/forgers/ros2_ws/src/ROBO-DECK/install/setup.zsh'
