[0.410s] DEBUG:colcon:Command line arguments: ['/usr/bin/colcon', 'build', '--symlink-install']
[0.410s] DEBUG:colcon:Parsed command line arguments: Namespace(log_base=None, log_level=None, verb_name='build', build_base='build', install_base='install', merge_install=False, symlink_install=True, test_result_base=None, continue_on_error=False, executor='parallel', parallel_workers=4, event_handlers=None, ignore_user_meta=False, metas=['./colcon.meta'], base_paths=['.'], packages_ignore=None, packages_ignore_regex=None, paths=None, packages_up_to=None, packages_up_to_regex=None, packages_above=None, packages_above_and_dependencies=None, packages_above_depth=None, packages_select_by_dep=None, packages_skip_by_dep=None, packages_skip_up_to=None, packages_select_build_failed=False, packages_skip_build_finished=False, packages_select_test_failures=False, packages_skip_test_passed=False, packages_select=None, packages_skip=None, packages_select_regex=None, packages_skip_regex=None, packages_start=None, packages_end=None, allow_overriding=[], cmake_args=None, cmake_target=None, cmake_target_skip_unavailable=False, cmake_clean_cache=False, cmake_clean_first=False, cmake_force_configure=False, ament_cmake_args=None, catkin_cmake_args=None, catkin_skip_building_tests=False, verb_parser=<colcon_defaults.argument_parser.defaults.DefaultArgumentsDecorator object at 0xffffb73f3200>, verb_extension=<colcon_core.verb.build.BuildVerb object at 0xffffb7dfdeb0>, main=<bound method BuildVerb.main of <colcon_core.verb.build.BuildVerb object at 0xffffb7dfdeb0>>)
[0.579s] Level 1:colcon.colcon_core.package_discovery:discover_packages(colcon_meta) check parameters
[0.579s] Level 1:colcon.colcon_core.package_discovery:discover_packages(recursive) check parameters
[0.579s] Level 1:colcon.colcon_core.package_discovery:discover_packages(ignore) check parameters
[0.579s] Level 1:colcon.colcon_core.package_discovery:discover_packages(path) check parameters
[0.579s] Level 1:colcon.colcon_core.package_discovery:discover_packages(colcon_meta) discover
[0.580s] Level 1:colcon.colcon_core.package_discovery:discover_packages(recursive) discover
[0.580s] INFO:colcon.colcon_core.package_discovery:Crawling recursively for packages in '/home/forgers/ros2_ws/src/ROBO-DECK'
[0.580s] Level 1:colcon.colcon_core.package_identification:_identify(.) by extensions ['ignore', 'ignore_ament_install']
[0.581s] Level 1:colcon.colcon_core.package_identification:_identify(.) by extension 'ignore'
[0.581s] Level 1:colcon.colcon_core.package_identification:_identify(.) by extension 'ignore_ament_install'
[0.581s] Level 1:colcon.colcon_core.package_identification:_identify(.) by extensions ['colcon_pkg']
[0.581s] Level 1:colcon.colcon_core.package_identification:_identify(.) by extension 'colcon_pkg'
[0.581s] Level 1:colcon.colcon_core.package_identification:_identify(.) by extensions ['colcon_meta']
[0.581s] Level 1:colcon.colcon_core.package_identification:_identify(.) by extension 'colcon_meta'
[0.582s] Level 1:colcon.colcon_core.package_identification:_identify(.) by extensions ['ros']
[0.582s] Level 1:colcon.colcon_core.package_identification:_identify(.) by extension 'ros'
[0.682s] Level 1:colcon.colcon_core.package_identification:_identify(.) by extensions ['cmake', 'python']
[0.682s] Level 1:colcon.colcon_core.package_identification:_identify(.) by extension 'cmake'
[0.683s] Level 1:colcon.colcon_core.package_identification:_identify(.) by extension 'python'
[0.683s] Level 1:colcon.colcon_core.package_identification:_identify(.) by extensions ['python_setup_py']
[0.683s] Level 1:colcon.colcon_core.package_identification:_identify(.) by extension 'python_setup_py'
[0.683s] Level 1:colcon.colcon_core.package_identification:_identify(build) by extensions ['ignore', 'ignore_ament_install']
[0.684s] Level 1:colcon.colcon_core.package_identification:_identify(build) by extension 'ignore'
[0.684s] Level 1:colcon.colcon_core.package_identification:_identify(build) ignored
[0.684s] Level 1:colcon.colcon_core.package_identification:_identify(install) by extensions ['ignore', 'ignore_ament_install']
[0.685s] Level 1:colcon.colcon_core.package_identification:_identify(install) by extension 'ignore'
[0.685s] Level 1:colcon.colcon_core.package_identification:_identify(install) ignored
[0.685s] Level 1:colcon.colcon_core.package_identification:_identify(log) by extensions ['ignore', 'ignore_ament_install']
[0.685s] Level 1:colcon.colcon_core.package_identification:_identify(log) by extension 'ignore'
[0.686s] Level 1:colcon.colcon_core.package_identification:_identify(log) ignored
[0.686s] Level 1:colcon.colcon_core.package_identification:_identify(src) by extensions ['ignore', 'ignore_ament_install']
[0.686s] Level 1:colcon.colcon_core.package_identification:_identify(src) by extension 'ignore'
[0.686s] Level 1:colcon.colcon_core.package_identification:_identify(src) by extension 'ignore_ament_install'
[0.687s] Level 1:colcon.colcon_core.package_identification:_identify(src) by extensions ['colcon_pkg']
[0.687s] Level 1:colcon.colcon_core.package_identification:_identify(src) by extension 'colcon_pkg'
[0.687s] Level 1:colcon.colcon_core.package_identification:_identify(src) by extensions ['colcon_meta']
[0.687s] Level 1:colcon.colcon_core.package_identification:_identify(src) by extension 'colcon_meta'
[0.687s] Level 1:colcon.colcon_core.package_identification:_identify(src) by extensions ['ros']
[0.687s] Level 1:colcon.colcon_core.package_identification:_identify(src) by extension 'ros'
[0.688s] Level 1:colcon.colcon_core.package_identification:_identify(src) by extensions ['cmake', 'python']
[0.688s] Level 1:colcon.colcon_core.package_identification:_identify(src) by extension 'cmake'
[0.688s] Level 1:colcon.colcon_core.package_identification:_identify(src) by extension 'python'
[0.688s] Level 1:colcon.colcon_core.package_identification:_identify(src) by extensions ['python_setup_py']
[0.688s] Level 1:colcon.colcon_core.package_identification:_identify(src) by extension 'python_setup_py'
[0.689s] Level 1:colcon.colcon_core.package_identification:_identify(src/camera_node) by extensions ['ignore', 'ignore_ament_install']
[0.689s] Level 1:colcon.colcon_core.package_identification:_identify(src/camera_node) by extension 'ignore'
[0.689s] Level 1:colcon.colcon_core.package_identification:_identify(src/camera_node) by extension 'ignore_ament_install'
[0.689s] Level 1:colcon.colcon_core.package_identification:_identify(src/camera_node) by extensions ['colcon_pkg']
[0.689s] Level 1:colcon.colcon_core.package_identification:_identify(src/camera_node) by extension 'colcon_pkg'
[0.690s] Level 1:colcon.colcon_core.package_identification:_identify(src/camera_node) by extensions ['colcon_meta']
[0.690s] Level 1:colcon.colcon_core.package_identification:_identify(src/camera_node) by extension 'colcon_meta'
[0.690s] Level 1:colcon.colcon_core.package_identification:_identify(src/camera_node) by extensions ['ros']
[0.690s] Level 1:colcon.colcon_core.package_identification:_identify(src/camera_node) by extension 'ros'
[0.702s] DEBUG:colcon.colcon_core.package_identification:Package 'src/camera_node' with type 'ros.catkin' and name 'camera_node'
[0.703s] Level 1:colcon.colcon_core.package_identification:_identify(src/esp32_bridge) by extensions ['ignore', 'ignore_ament_install']
[0.703s] Level 1:colcon.colcon_core.package_identification:_identify(src/esp32_bridge) by extension 'ignore'
[0.703s] Level 1:colcon.colcon_core.package_identification:_identify(src/esp32_bridge) by extension 'ignore_ament_install'
[0.704s] Level 1:colcon.colcon_core.package_identification:_identify(src/esp32_bridge) by extensions ['colcon_pkg']
[0.704s] Level 1:colcon.colcon_core.package_identification:_identify(src/esp32_bridge) by extension 'colcon_pkg'
[0.704s] Level 1:colcon.colcon_core.package_identification:_identify(src/esp32_bridge) by extensions ['colcon_meta']
[0.704s] Level 1:colcon.colcon_core.package_identification:_identify(src/esp32_bridge) by extension 'colcon_meta'
[0.704s] Level 1:colcon.colcon_core.package_identification:_identify(src/esp32_bridge) by extensions ['ros']
[0.704s] Level 1:colcon.colcon_core.package_identification:_identify(src/esp32_bridge) by extension 'ros'
[0.706s] DEBUG:colcon.colcon_core.package_identification:Package 'src/esp32_bridge' with type 'ros.catkin' and name 'esp32_bridge'
[0.706s] Level 1:colcon.colcon_core.package_identification:_identify(src/esp32_uart_bridge_node) by extensions ['ignore', 'ignore_ament_install']
[0.707s] Level 1:colcon.colcon_core.package_identification:_identify(src/esp32_uart_bridge_node) by extension 'ignore'
[0.707s] Level 1:colcon.colcon_core.package_identification:_identify(src/esp32_uart_bridge_node) by extension 'ignore_ament_install'
[0.707s] Level 1:colcon.colcon_core.package_identification:_identify(src/esp32_uart_bridge_node) by extensions ['colcon_pkg']
[0.707s] Level 1:colcon.colcon_core.package_identification:_identify(src/esp32_uart_bridge_node) by extension 'colcon_pkg'
[0.707s] Level 1:colcon.colcon_core.package_identification:_identify(src/esp32_uart_bridge_node) by extensions ['colcon_meta']
[0.708s] Level 1:colcon.colcon_core.package_identification:_identify(src/esp32_uart_bridge_node) by extension 'colcon_meta'
[0.708s] Level 1:colcon.colcon_core.package_identification:_identify(src/esp32_uart_bridge_node) by extensions ['ros']
[0.708s] Level 1:colcon.colcon_core.package_identification:_identify(src/esp32_uart_bridge_node) by extension 'ros'
[0.710s] DEBUG:colcon.colcon_core.package_identification:Package 'src/esp32_uart_bridge_node' with type 'ros.ament_python' and name 'esp32_uart_bridge_node'
[0.710s] Level 1:colcon.colcon_core.package_identification:_identify(src/sensor_node) by extensions ['ignore', 'ignore_ament_install']
[0.710s] Level 1:colcon.colcon_core.package_identification:_identify(src/sensor_node) by extension 'ignore'
[0.711s] Level 1:colcon.colcon_core.package_identification:_identify(src/sensor_node) by extension 'ignore_ament_install'
[0.711s] Level 1:colcon.colcon_core.package_identification:_identify(src/sensor_node) by extensions ['colcon_pkg']
[0.711s] Level 1:colcon.colcon_core.package_identification:_identify(src/sensor_node) by extension 'colcon_pkg'
[0.711s] Level 1:colcon.colcon_core.package_identification:_identify(src/sensor_node) by extensions ['colcon_meta']
[0.711s] Level 1:colcon.colcon_core.package_identification:_identify(src/sensor_node) by extension 'colcon_meta'
[0.711s] Level 1:colcon.colcon_core.package_identification:_identify(src/sensor_node) by extensions ['ros']
[0.712s] Level 1:colcon.colcon_core.package_identification:_identify(src/sensor_node) by extension 'ros'
[0.713s] DEBUG:colcon.colcon_core.package_identification:Package 'src/sensor_node' with type 'ros.catkin' and name 'sensor_node'
[0.713s] Level 1:colcon.colcon_core.package_identification:_identify(src/web_interface_node) by extensions ['ignore', 'ignore_ament_install']
[0.714s] Level 1:colcon.colcon_core.package_identification:_identify(src/web_interface_node) by extension 'ignore'
[0.714s] Level 1:colcon.colcon_core.package_identification:_identify(src/web_interface_node) by extension 'ignore_ament_install'
[0.714s] Level 1:colcon.colcon_core.package_identification:_identify(src/web_interface_node) by extensions ['colcon_pkg']
[0.714s] Level 1:colcon.colcon_core.package_identification:_identify(src/web_interface_node) by extension 'colcon_pkg'
[0.714s] Level 1:colcon.colcon_core.package_identification:_identify(src/web_interface_node) by extensions ['colcon_meta']
[0.715s] Level 1:colcon.colcon_core.package_identification:_identify(src/web_interface_node) by extension 'colcon_meta'
[0.715s] Level 1:colcon.colcon_core.package_identification:_identify(src/web_interface_node) by extensions ['ros']
[0.715s] Level 1:colcon.colcon_core.package_identification:_identify(src/web_interface_node) by extension 'ros'
[0.716s] DEBUG:colcon.colcon_core.package_identification:Package 'src/web_interface_node' with type 'ros.catkin' and name 'web_interface_node'
[0.716s] Level 1:colcon.colcon_core.package_discovery:discover_packages(recursive) using defaults
[0.717s] Level 1:colcon.colcon_core.package_discovery:discover_packages(ignore) discover
[0.717s] Level 1:colcon.colcon_core.package_discovery:discover_packages(ignore) using defaults
[0.717s] Level 1:colcon.colcon_core.package_discovery:discover_packages(path) discover
[0.717s] Level 1:colcon.colcon_core.package_discovery:discover_packages(path) using defaults
[0.785s] Level 1:colcon.colcon_core.package_discovery:discover_packages(prefix_path) check parameters
[0.785s] Level 1:colcon.colcon_core.package_discovery:discover_packages(prefix_path) discover
[0.793s] DEBUG:colcon.colcon_installed_package_information.package_discovery:Found 3 installed packages in /home/forgers/ros2_ws/install
[0.801s] DEBUG:colcon.colcon_installed_package_information.package_discovery:Found 205 installed packages in /opt/ros/jazzy
[0.803s] Level 1:colcon.colcon_core.package_discovery:discover_packages(prefix_path) using defaults
[0.934s] Level 5:colcon.colcon_core.verb:set package 'camera_node' build argument 'cmake_args' from command line to 'None'
[0.935s] Level 5:colcon.colcon_core.verb:set package 'camera_node' build argument 'cmake_target' from command line to 'None'
[0.935s] Level 5:colcon.colcon_core.verb:set package 'camera_node' build argument 'cmake_target_skip_unavailable' from command line to 'False'
[0.935s] Level 5:colcon.colcon_core.verb:set package 'camera_node' build argument 'cmake_clean_cache' from command line to 'False'
[0.935s] Level 5:colcon.colcon_core.verb:set package 'camera_node' build argument 'cmake_clean_first' from command line to 'False'
[0.935s] Level 5:colcon.colcon_core.verb:set package 'camera_node' build argument 'cmake_force_configure' from command line to 'False'
[0.935s] Level 5:colcon.colcon_core.verb:set package 'camera_node' build argument 'ament_cmake_args' from command line to 'None'
[0.935s] Level 5:colcon.colcon_core.verb:set package 'camera_node' build argument 'catkin_cmake_args' from command line to 'None'
[0.935s] Level 5:colcon.colcon_core.verb:set package 'camera_node' build argument 'catkin_skip_building_tests' from command line to 'False'
[0.935s] DEBUG:colcon.colcon_core.verb:Building package 'camera_node' with the following arguments: {'ament_cmake_args': None, 'build_base': '/home/forgers/ros2_ws/src/ROBO-DECK/build/camera_node', 'catkin_cmake_args': None, 'catkin_skip_building_tests': False, 'cmake_args': None, 'cmake_clean_cache': False, 'cmake_clean_first': False, 'cmake_force_configure': False, 'cmake_target': None, 'cmake_target_skip_unavailable': False, 'install_base': '/home/forgers/ros2_ws/src/ROBO-DECK/install/camera_node', 'merge_install': False, 'path': '/home/forgers/ros2_ws/src/ROBO-DECK/src/camera_node', 'symlink_install': True, 'test_result_base': None}
[0.936s] Level 5:colcon.colcon_core.verb:set package 'esp32_bridge' build argument 'cmake_args' from command line to 'None'
[0.937s] Level 5:colcon.colcon_core.verb:set package 'esp32_bridge' build argument 'cmake_target' from command line to 'None'
[0.937s] Level 5:colcon.colcon_core.verb:set package 'esp32_bridge' build argument 'cmake_target_skip_unavailable' from command line to 'False'
[0.937s] Level 5:colcon.colcon_core.verb:set package 'esp32_bridge' build argument 'cmake_clean_cache' from command line to 'False'
[0.937s] Level 5:colcon.colcon_core.verb:set package 'esp32_bridge' build argument 'cmake_clean_first' from command line to 'False'
[0.937s] Level 5:colcon.colcon_core.verb:set package 'esp32_bridge' build argument 'cmake_force_configure' from command line to 'False'
[0.937s] Level 5:colcon.colcon_core.verb:set package 'esp32_bridge' build argument 'ament_cmake_args' from command line to 'None'
[0.937s] Level 5:colcon.colcon_core.verb:set package 'esp32_bridge' build argument 'catkin_cmake_args' from command line to 'None'
[0.937s] Level 5:colcon.colcon_core.verb:set package 'esp32_bridge' build argument 'catkin_skip_building_tests' from command line to 'False'
[0.937s] DEBUG:colcon.colcon_core.verb:Building package 'esp32_bridge' with the following arguments: {'ament_cmake_args': None, 'build_base': '/home/forgers/ros2_ws/src/ROBO-DECK/build/esp32_bridge', 'catkin_cmake_args': None, 'catkin_skip_building_tests': False, 'cmake_args': None, 'cmake_clean_cache': False, 'cmake_clean_first': False, 'cmake_force_configure': False, 'cmake_target': None, 'cmake_target_skip_unavailable': False, 'install_base': '/home/forgers/ros2_ws/src/ROBO-DECK/install/esp32_bridge', 'merge_install': False, 'path': '/home/forgers/ros2_ws/src/ROBO-DECK/src/esp32_bridge', 'symlink_install': True, 'test_result_base': None}
[0.939s] Level 5:colcon.colcon_core.verb:set package 'esp32_uart_bridge_node' build argument 'cmake_args' from command line to 'None'
[0.939s] Level 5:colcon.colcon_core.verb:set package 'esp32_uart_bridge_node' build argument 'cmake_target' from command line to 'None'
[0.939s] Level 5:colcon.colcon_core.verb:set package 'esp32_uart_bridge_node' build argument 'cmake_target_skip_unavailable' from command line to 'False'
[0.939s] Level 5:colcon.colcon_core.verb:set package 'esp32_uart_bridge_node' build argument 'cmake_clean_cache' from command line to 'False'
[0.939s] Level 5:colcon.colcon_core.verb:set package 'esp32_uart_bridge_node' build argument 'cmake_clean_first' from command line to 'False'
[0.939s] Level 5:colcon.colcon_core.verb:set package 'esp32_uart_bridge_node' build argument 'cmake_force_configure' from command line to 'False'
[0.939s] Level 5:colcon.colcon_core.verb:set package 'esp32_uart_bridge_node' build argument 'ament_cmake_args' from command line to 'None'
[0.939s] Level 5:colcon.colcon_core.verb:set package 'esp32_uart_bridge_node' build argument 'catkin_cmake_args' from command line to 'None'
[0.939s] Level 5:colcon.colcon_core.verb:set package 'esp32_uart_bridge_node' build argument 'catkin_skip_building_tests' from command line to 'False'
[0.939s] DEBUG:colcon.colcon_core.verb:Building package 'esp32_uart_bridge_node' with the following arguments: {'ament_cmake_args': None, 'build_base': '/home/forgers/ros2_ws/src/ROBO-DECK/build/esp32_uart_bridge_node', 'catkin_cmake_args': None, 'catkin_skip_building_tests': False, 'cmake_args': None, 'cmake_clean_cache': False, 'cmake_clean_first': False, 'cmake_force_configure': False, 'cmake_target': None, 'cmake_target_skip_unavailable': False, 'install_base': '/home/forgers/ros2_ws/src/ROBO-DECK/install/esp32_uart_bridge_node', 'merge_install': False, 'path': '/home/forgers/ros2_ws/src/ROBO-DECK/src/esp32_uart_bridge_node', 'symlink_install': True, 'test_result_base': None}
[0.941s] Level 5:colcon.colcon_core.verb:set package 'sensor_node' build argument 'cmake_args' from command line to 'None'
[0.941s] Level 5:colcon.colcon_core.verb:set package 'sensor_node' build argument 'cmake_target' from command line to 'None'
[0.941s] Level 5:colcon.colcon_core.verb:set package 'sensor_node' build argument 'cmake_target_skip_unavailable' from command line to 'False'
[0.941s] Level 5:colcon.colcon_core.verb:set package 'sensor_node' build argument 'cmake_clean_cache' from command line to 'False'
[0.941s] Level 5:colcon.colcon_core.verb:set package 'sensor_node' build argument 'cmake_clean_first' from command line to 'False'
[0.941s] Level 5:colcon.colcon_core.verb:set package 'sensor_node' build argument 'cmake_force_configure' from command line to 'False'
[0.941s] Level 5:colcon.colcon_core.verb:set package 'sensor_node' build argument 'ament_cmake_args' from command line to 'None'
[0.941s] Level 5:colcon.colcon_core.verb:set package 'sensor_node' build argument 'catkin_cmake_args' from command line to 'None'
[0.941s] Level 5:colcon.colcon_core.verb:set package 'sensor_node' build argument 'catkin_skip_building_tests' from command line to 'False'
[0.942s] DEBUG:colcon.colcon_core.verb:Building package 'sensor_node' with the following arguments: {'ament_cmake_args': None, 'build_base': '/home/forgers/ros2_ws/src/ROBO-DECK/build/sensor_node', 'catkin_cmake_args': None, 'catkin_skip_building_tests': False, 'cmake_args': None, 'cmake_clean_cache': False, 'cmake_clean_first': False, 'cmake_force_configure': False, 'cmake_target': None, 'cmake_target_skip_unavailable': False, 'install_base': '/home/forgers/ros2_ws/src/ROBO-DECK/install/sensor_node', 'merge_install': False, 'path': '/home/forgers/ros2_ws/src/ROBO-DECK/src/sensor_node', 'symlink_install': True, 'test_result_base': None}
[0.943s] Level 5:colcon.colcon_core.verb:set package 'web_interface_node' build argument 'cmake_args' from command line to 'None'
[0.943s] Level 5:colcon.colcon_core.verb:set package 'web_interface_node' build argument 'cmake_target' from command line to 'None'
[0.943s] Level 5:colcon.colcon_core.verb:set package 'web_interface_node' build argument 'cmake_target_skip_unavailable' from command line to 'False'
[0.943s] Level 5:colcon.colcon_core.verb:set package 'web_interface_node' build argument 'cmake_clean_cache' from command line to 'False'
[0.943s] Level 5:colcon.colcon_core.verb:set package 'web_interface_node' build argument 'cmake_clean_first' from command line to 'False'
[0.943s] Level 5:colcon.colcon_core.verb:set package 'web_interface_node' build argument 'cmake_force_configure' from command line to 'False'
[0.943s] Level 5:colcon.colcon_core.verb:set package 'web_interface_node' build argument 'ament_cmake_args' from command line to 'None'
[0.944s] Level 5:colcon.colcon_core.verb:set package 'web_interface_node' build argument 'catkin_cmake_args' from command line to 'None'
[0.944s] Level 5:colcon.colcon_core.verb:set package 'web_interface_node' build argument 'catkin_skip_building_tests' from command line to 'False'
[0.944s] DEBUG:colcon.colcon_core.verb:Building package 'web_interface_node' with the following arguments: {'ament_cmake_args': None, 'build_base': '/home/forgers/ros2_ws/src/ROBO-DECK/build/web_interface_node', 'catkin_cmake_args': None, 'catkin_skip_building_tests': False, 'cmake_args': None, 'cmake_clean_cache': False, 'cmake_clean_first': False, 'cmake_force_configure': False, 'cmake_target': None, 'cmake_target_skip_unavailable': False, 'install_base': '/home/forgers/ros2_ws/src/ROBO-DECK/install/web_interface_node', 'merge_install': False, 'path': '/home/forgers/ros2_ws/src/ROBO-DECK/src/web_interface_node', 'symlink_install': True, 'test_result_base': None}
[0.944s] INFO:colcon.colcon_core.executor:Executing jobs using 'parallel' executor
[0.947s] DEBUG:colcon.colcon_parallel_executor.executor.parallel:run_until_complete
[0.948s] INFO:colcon.colcon_ros.task.catkin.build:Building ROS package in '/home/forgers/ros2_ws/src/ROBO-DECK/src/camera_node' with build type 'catkin'
[0.949s] INFO:colcon.colcon_cmake.task.cmake.build:Building CMake package in '/home/forgers/ros2_ws/src/ROBO-DECK/src/camera_node'
[0.956s] INFO:colcon.colcon_core.plugin_system:Skipping extension 'colcon_core.shell.bat': Not used on non-Windows systems
[0.957s] INFO:colcon.colcon_core.shell:Skip shell extension 'powershell' for command environment: Not usable outside of PowerShell
[0.957s] DEBUG:colcon.colcon_core.shell:Skip shell extension 'dsv' for command environment
[0.973s] INFO:colcon.colcon_ros.task.catkin.build:Building ROS package in '/home/forgers/ros2_ws/src/ROBO-DECK/src/esp32_bridge' with build type 'catkin'
[0.973s] INFO:colcon.colcon_cmake.task.cmake.build:Building CMake package in '/home/forgers/ros2_ws/src/ROBO-DECK/src/esp32_bridge'
[0.974s] INFO:colcon.colcon_core.shell:Skip shell extension 'powershell' for command environment: Not usable outside of PowerShell
[0.975s] DEBUG:colcon.colcon_core.shell:Skip shell extension 'dsv' for command environment
[0.991s] INFO:colcon.colcon_ros.task.ament_python.build:Building ROS package in '/home/forgers/ros2_ws/src/ROBO-DECK/src/esp32_uart_bridge_node' with build type 'ament_python'
[0.991s] Level 1:colcon.colcon_core.shell:create_environment_hook('esp32_uart_bridge_node', 'ament_prefix_path')
[0.992s] INFO:colcon.colcon_core.shell:Creating environment hook '/home/forgers/ros2_ws/src/ROBO-DECK/install/esp32_uart_bridge_node/share/esp32_uart_bridge_node/hook/ament_prefix_path.ps1'
[0.997s] INFO:colcon.colcon_core.shell:Creating environment descriptor '/home/forgers/ros2_ws/src/ROBO-DECK/install/esp32_uart_bridge_node/share/esp32_uart_bridge_node/hook/ament_prefix_path.dsv'
[0.999s] INFO:colcon.colcon_core.shell:Creating environment hook '/home/forgers/ros2_ws/src/ROBO-DECK/install/esp32_uart_bridge_node/share/esp32_uart_bridge_node/hook/ament_prefix_path.sh'
[1.002s] INFO:colcon.colcon_core.shell:Skip shell extension 'powershell' for command environment: Not usable outside of PowerShell
[1.003s] DEBUG:colcon.colcon_core.shell:Skip shell extension 'dsv' for command environment
[1.019s] INFO:colcon.colcon_ros.task.catkin.build:Building ROS package in '/home/forgers/ros2_ws/src/ROBO-DECK/src/sensor_node' with build type 'catkin'
[1.020s] INFO:colcon.colcon_cmake.task.cmake.build:Building CMake package in '/home/forgers/ros2_ws/src/ROBO-DECK/src/sensor_node'
[1.020s] INFO:colcon.colcon_core.shell:Skip shell extension 'powershell' for command environment: Not usable outside of PowerShell
[1.021s] DEBUG:colcon.colcon_core.shell:Skip shell extension 'dsv' for command environment
[1.057s] DEBUG:colcon.colcon_core.event_handler.log_command:Invoking command in '/home/forgers/ros2_ws/src/ROBO-DECK/build/camera_node': DEBUGINFOD_URLS=https://debuginfod.ubuntu.com /usr/bin/cmake /home/forgers/ros2_ws/src/ROBO-DECK/src/camera_node -DCATKIN_INSTALL_INTO_PREFIX_ROOT=0 -DCATKIN_SYMLINK_INSTALL=ON -DCMAKE_INSTALL_PREFIX=/home/forgers/ros2_ws/src/ROBO-DECK/install/camera_node
[1.067s] DEBUG:colcon.colcon_core.event_handler.log_command:Invoking command in '/home/forgers/ros2_ws/src/ROBO-DECK/build/esp32_bridge': DEBUGINFOD_URLS=https://debuginfod.ubuntu.com /usr/bin/cmake /home/forgers/ros2_ws/src/ROBO-DECK/src/esp32_bridge -DCATKIN_INSTALL_INTO_PREFIX_ROOT=0 -DCATKIN_SYMLINK_INSTALL=ON -DCMAKE_INSTALL_PREFIX=/home/forgers/ros2_ws/src/ROBO-DECK/install/esp32_bridge
[1.920s] INFO:colcon.colcon_core.task.python.build:Building Python package in '/home/forgers/ros2_ws/src/ROBO-DECK/src/esp32_uart_bridge_node'
[1.920s] INFO:colcon.colcon_core.shell:Skip shell extension 'powershell' for command environment: Not usable outside of PowerShell
[1.920s] DEBUG:colcon.colcon_core.shell:Skip shell extension 'dsv' for command environment
[1.953s] Level 1:colcon.colcon_core.environment:create_environment_scripts_only(camera_node)
[1.955s] DEBUG:colcon.colcon_core.event_handler.log_command:Invoked command in '/home/forgers/ros2_ws/src/ROBO-DECK/build/camera_node' returned '1': DEBUGINFOD_URLS=https://debuginfod.ubuntu.com /usr/bin/cmake /home/forgers/ros2_ws/src/ROBO-DECK/src/camera_node -DCATKIN_INSTALL_INTO_PREFIX_ROOT=0 -DCATKIN_SYMLINK_INSTALL=ON -DCMAKE_INSTALL_PREFIX=/home/forgers/ros2_ws/src/ROBO-DECK/install/camera_node
[1.965s] Level 1:colcon.colcon_core.environment:checking '/home/forgers/ros2_ws/src/ROBO-DECK/install/camera_node' for CMake module files
[1.967s] Level 1:colcon.colcon_core.environment:checking '/home/forgers/ros2_ws/src/ROBO-DECK/install/camera_node' for CMake config files
[1.969s] Level 1:colcon.colcon_core.environment:checking '/home/forgers/ros2_ws/src/ROBO-DECK/install/camera_node/bin'
[1.970s] Level 1:colcon.colcon_core.environment:checking '/home/forgers/ros2_ws/src/ROBO-DECK/install/camera_node/lib/pkgconfig/camera_node.pc'
[1.971s] Level 1:colcon.colcon_core.environment:checking '/home/forgers/ros2_ws/src/ROBO-DECK/install/camera_node/lib/python3.12/site-packages'
[1.971s] Level 1:colcon.colcon_core.environment:checking '/home/forgers/ros2_ws/src/ROBO-DECK/install/camera_node/bin'
[1.972s] INFO:colcon.colcon_core.shell:Creating package script '/home/forgers/ros2_ws/src/ROBO-DECK/install/camera_node/share/camera_node/package.ps1'
[1.975s] INFO:colcon.colcon_core.shell:Creating package descriptor '/home/forgers/ros2_ws/src/ROBO-DECK/install/camera_node/share/camera_node/package.dsv'
[1.976s] INFO:colcon.colcon_core.shell:Creating package script '/home/forgers/ros2_ws/src/ROBO-DECK/install/camera_node/share/camera_node/package.sh'
[1.978s] INFO:colcon.colcon_core.shell:Creating package script '/home/forgers/ros2_ws/src/ROBO-DECK/install/camera_node/share/camera_node/package.bash'
[1.981s] INFO:colcon.colcon_core.shell:Creating package script '/home/forgers/ros2_ws/src/ROBO-DECK/install/camera_node/share/camera_node/package.zsh'
[1.983s] Level 1:colcon.colcon_core.environment:create_file_with_runtime_dependencies(/home/forgers/ros2_ws/src/ROBO-DECK/install/camera_node/share/colcon-core/packages/camera_node)
[1.986s] Level 1:colcon.colcon_core.environment:create_environment_scripts_only(esp32_bridge)
[1.986s] Level 1:colcon.colcon_core.environment:checking '/home/forgers/ros2_ws/src/ROBO-DECK/install/esp32_bridge' for CMake module files
[1.989s] DEBUG:colcon.colcon_core.event_handler.log_command:Invoked command in '/home/forgers/ros2_ws/src/ROBO-DECK/build/esp32_bridge' returned '1': DEBUGINFOD_URLS=https://debuginfod.ubuntu.com /usr/bin/cmake /home/forgers/ros2_ws/src/ROBO-DECK/src/esp32_bridge -DCATKIN_INSTALL_INTO_PREFIX_ROOT=0 -DCATKIN_SYMLINK_INSTALL=ON -DCMAKE_INSTALL_PREFIX=/home/forgers/ros2_ws/src/ROBO-DECK/install/esp32_bridge
[1.990s] Level 1:colcon.colcon_core.environment:checking '/home/forgers/ros2_ws/src/ROBO-DECK/install/esp32_bridge' for CMake config files
[1.991s] Level 1:colcon.colcon_core.environment:checking '/home/forgers/ros2_ws/src/ROBO-DECK/install/esp32_bridge/bin'
[1.991s] Level 1:colcon.colcon_core.environment:checking '/home/forgers/ros2_ws/src/ROBO-DECK/install/esp32_bridge/lib/pkgconfig/esp32_bridge.pc'
[1.992s] Level 1:colcon.colcon_core.environment:checking '/home/forgers/ros2_ws/src/ROBO-DECK/install/esp32_bridge/lib/python3.12/site-packages'
[1.993s] Level 1:colcon.colcon_core.environment:checking '/home/forgers/ros2_ws/src/ROBO-DECK/install/esp32_bridge/bin'
[1.993s] INFO:colcon.colcon_core.shell:Creating package script '/home/forgers/ros2_ws/src/ROBO-DECK/install/esp32_bridge/share/esp32_bridge/package.ps1'
[1.995s] INFO:colcon.colcon_core.shell:Creating package descriptor '/home/forgers/ros2_ws/src/ROBO-DECK/install/esp32_bridge/share/esp32_bridge/package.dsv'
[1.997s] INFO:colcon.colcon_core.shell:Creating package script '/home/forgers/ros2_ws/src/ROBO-DECK/install/esp32_bridge/share/esp32_bridge/package.sh'
[1.998s] INFO:colcon.colcon_core.shell:Creating package script '/home/forgers/ros2_ws/src/ROBO-DECK/install/esp32_bridge/share/esp32_bridge/package.bash'
[1.999s] INFO:colcon.colcon_core.shell:Creating package script '/home/forgers/ros2_ws/src/ROBO-DECK/install/esp32_bridge/share/esp32_bridge/package.zsh'
[2.001s] Level 1:colcon.colcon_core.environment:create_file_with_runtime_dependencies(/home/forgers/ros2_ws/src/ROBO-DECK/install/esp32_bridge/share/colcon-core/packages/esp32_bridge)
[2.014s] DEBUG:colcon.colcon_parallel_executor.executor.parallel:closing loop
[2.015s] DEBUG:colcon.colcon_parallel_executor.executor.parallel:loop closed
[2.015s] DEBUG:colcon.colcon_parallel_executor.executor.parallel:run_until_complete finished with '1'
[2.015s] DEBUG:colcon.colcon_core.event_reactor:joining thread
[2.043s] INFO:colcon.colcon_core.plugin_system:Skipping extension 'colcon_notification.desktop_notification.terminal_notifier': Not used on non-Darwin systems
[2.043s] INFO:colcon.colcon_core.plugin_system:Skipping extension 'colcon_notification.desktop_notification.win32': Not used on non-Windows systems
[2.043s] INFO:colcon.colcon_notification.desktop_notification:Sending desktop notification using 'notify2'
[2.102s] DEBUG:colcon.colcon_core.event_reactor:joined thread
[2.104s] INFO:colcon.colcon_core.shell:Creating prefix script '/home/forgers/ros2_ws/src/ROBO-DECK/install/local_setup.ps1'
[2.108s] INFO:colcon.colcon_core.shell:Creating prefix util module '/home/forgers/ros2_ws/src/ROBO-DECK/install/_local_setup_util_ps1.py'
[2.112s] INFO:colcon.colcon_core.shell:Creating prefix chain script '/home/forgers/ros2_ws/src/ROBO-DECK/install/setup.ps1'
[2.117s] INFO:colcon.colcon_core.shell:Creating prefix script '/home/forgers/ros2_ws/src/ROBO-DECK/install/local_setup.sh'
[2.119s] INFO:colcon.colcon_core.shell:Creating prefix util module '/home/forgers/ros2_ws/src/ROBO-DECK/install/_local_setup_util_sh.py'
[2.122s] INFO:colcon.colcon_core.shell:Creating prefix chain script '/home/forgers/ros2_ws/src/ROBO-DECK/install/setup.sh'
[2.125s] INFO:colcon.colcon_core.shell:Creating prefix script '/home/forgers/ros2_ws/src/ROBO-DECK/install/local_setup.bash'
[2.127s] INFO:colcon.colcon_core.shell:Creating prefix chain script '/home/forgers/ros2_ws/src/ROBO-DECK/install/setup.bash'
[2.130s] INFO:colcon.colcon_core.shell:Creating prefix script '/home/forgers/ros2_ws/src/ROBO-DECK/install/local_setup.zsh'
[2.132s] INFO:colcon.colcon_core.shell:Creating prefix chain script '/home/forgers/ros2_ws/src/ROBO-DECK/install/setup.zsh'
